<?xml version="1.0" encoding="utf-8"?>
<!DOCTYPE coverage SYSTEM "http://cobertura.sourceforge.net/xml/coverage-04.dtd">
<coverage line-rate="0.239344262295082" branch-rate="0.120689655172414" lines-covered="73" lines-valid="305" branches-covered="7" branches-valid="58" complexity="91" version="0" timestamp="1731353724">
  <sources>
    <source>C:\Users\z004vj3s\</source>
  </sources>
  <packages>
    <package name="ProductManagementAPI" line-rate="0.121673003802281" branch-rate="0.120689655172414" complexity="85">
      <classes>
        <class name="AutoGeneratedProgram" filename="C:\Users\z004vj3s\.nuget\packages\microsoft.net.test.sdk\17.11.1\build\netcoreapp3.1\Microsoft.NET.Test.Sdk.Program.cs" line-rate="0" branch-rate="1" complexity="1">
          <methods>
            <method name="Main" signature="(...)" line-rate="0" branch-rate="1" complexity="1">
              <lines>
                <line number="4" hits="0" branch="false" />
              </lines>
            </method>
          </methods>
          <lines>
            <line number="4" hits="0" branch="false" />
          </lines>
        </class>
        <class name="ProductManagementAPI.Controllers.ProductController" filename="C:\Users\z004vj3s\Downloads\ProductManagementAPI\ProductManagementAPI\ProductManagementAPI\Controllers\ProductController.cs" line-rate="0.235849056603774" branch-rate="0.175" complexity="41">
          <methods>
            <method name=".ctor" signature="(...)" line-rate="1" branch-rate="1" complexity="1">
              <lines>
                <line number="19" hits="4" branch="false" />
                <line number="20" hits="4" branch="false" />
                <line number="21" hits="4" branch="false" />
                <line number="22" hits="4" branch="false" />
              </lines>
            </method>
            <method name="AddToStock" signature="()" line-rate="0" branch-rate="0" complexity="10">
              <lines>
                <line number="151" hits="0" branch="false" />
                <line number="152" hits="0" branch="false" />
                <line number="153" hits="0" branch="true" condition-coverage="0% (0/2)" />
                <line number="154" hits="0" branch="false" />
                <line number="155" hits="0" branch="false" />
                <line number="157" hits="0" branch="true" condition-coverage="0% (0/2)" />
                <line number="158" hits="0" branch="false" />
                <line number="159" hits="0" branch="false" />
                <line number="161" hits="0" branch="false" />
                <line number="162" hits="0" branch="true" condition-coverage="0% (0/2)" />
                <line number="163" hits="0" branch="true" condition-coverage="0% (0/2)" />
                <line number="164" hits="0" branch="false" />
                <line number="166" hits="0" branch="false" />
                <line number="167" hits="0" branch="false" />
                <line number="168" hits="0" branch="false" />
                <line number="170" hits="0" branch="false" />
                <line number="171" hits="0" branch="true" condition-coverage="0% (0/2)" />
                <line number="172" hits="0" branch="false" />
                <line number="173" hits="0" branch="false" />
                <line number="176" hits="0" branch="false" />
                <line number="178" hits="0" branch="false" />
                <line number="179" hits="0" branch="false" />
                <line number="181" hits="0" branch="false" />
              </lines>
            </method>
            <method name="CreateProduct" signature="()" line-rate="0" branch-rate="0" complexity="4">
              <lines>
                <line number="53" hits="0" branch="false" />
                <line number="54" hits="0" branch="false" />
                <line number="55" hits="0" branch="true" condition-coverage="0% (0/2)" />
                <line number="56" hits="0" branch="false" />
                <line number="57" hits="0" branch="false" />
                <line number="59" hits="0" branch="false" />
                <line number="60" hits="0" branch="true" condition-coverage="0% (0/2)" />
                <line number="61" hits="0" branch="false" />
                <line number="62" hits="0" branch="false" />
                <line number="64" hits="0" branch="false" />
                <line number="67" hits="0" branch="false" />
                <line number="68" hits="0" branch="false" />
                <line number="70" hits="0" branch="false" />
              </lines>
            </method>
            <method name="DecrementStock" signature="()" line-rate="0" branch-rate="0" complexity="10">
              <lines>
                <line number="117" hits="0" branch="false" />
                <line number="118" hits="0" branch="false" />
                <line number="119" hits="0" branch="true" condition-coverage="0% (0/2)" />
                <line number="120" hits="0" branch="false" />
                <line number="121" hits="0" branch="false" />
                <line number="123" hits="0" branch="true" condition-coverage="0% (0/2)" />
                <line number="124" hits="0" branch="false" />
                <line number="125" hits="0" branch="false" />
                <line number="127" hits="0" branch="false" />
                <line number="128" hits="0" branch="true" condition-coverage="0% (0/2)" />
                <line number="129" hits="0" branch="true" condition-coverage="0% (0/2)" />
                <line number="130" hits="0" branch="false" />
                <line number="132" hits="0" branch="false" />
                <line number="133" hits="0" branch="false" />
                <line number="134" hits="0" branch="false" />
                <line number="136" hits="0" branch="false" />
                <line number="137" hits="0" branch="true" condition-coverage="0% (0/2)" />
                <line number="138" hits="0" branch="false" />
                <line number="139" hits="0" branch="false" />
                <line number="142" hits="0" branch="false" />
                <line number="144" hits="0" branch="false" />
                <line number="145" hits="0" branch="false" />
                <line number="147" hits="0" branch="false" />
              </lines>
            </method>
            <method name="DeleteProduct" signature="()" line-rate="0.666666666666667" branch-rate="0.75" complexity="4">
              <lines>
                <line number="97" hits="2" branch="false" />
                <line number="98" hits="2" branch="false" />
                <line number="99" hits="2" branch="true" condition-coverage="50% (1/2)" />
                <line number="100" hits="0" branch="false" />
                <line number="101" hits="0" branch="false" />
                <line number="103" hits="2" branch="false" />
                <line number="104" hits="3" branch="true" condition-coverage="100% (2/2)" />
                <line number="105" hits="1" branch="false" />
                <line number="107" hits="1" branch="false" />
                <line number="109" hits="0" branch="false" />
                <line number="110" hits="0" branch="false" />
                <line number="112" hits="2" branch="false" />
              </lines>
            </method>
            <method name="GetProductById" signature="()" line-rate="0.666666666666667" branch-rate="0.5" complexity="2">
              <lines>
                <line number="38" hits="1" branch="false" />
                <line number="39" hits="1" branch="false" />
                <line number="40" hits="1" branch="false" />
                <line number="41" hits="1" branch="true" condition-coverage="50% (1/2)" />
                <line number="42" hits="0" branch="false" />
                <line number="44" hits="1" branch="false" />
                <line number="46" hits="0" branch="false" />
                <line number="47" hits="0" branch="false" />
                <line number="49" hits="1" branch="false" />
              </lines>
            </method>
            <method name="GetProducts" signature="()" line-rate="0" branch-rate="0" complexity="4">
              <lines>
                <line number="24" hits="0" branch="false" />
                <line number="25" hits="0" branch="false" />
                <line number="26" hits="0" branch="false" />
                <line number="27" hits="0" branch="true" condition-coverage="0% (0/4)" />
                <line number="28" hits="0" branch="false" />
                <line number="30" hits="0" branch="false" />
                <line number="32" hits="0" branch="false" />
                <line number="33" hits="0" branch="false" />
                <line number="35" hits="0" branch="false" />
              </lines>
            </method>
            <method name="UpdateProduct" signature="()" line-rate="0.538461538461538" branch-rate="0.5" complexity="6">
              <lines>
                <line number="74" hits="1" branch="false" />
                <line number="75" hits="1" branch="false" />
                <line number="76" hits="1" branch="true" condition-coverage="50% (2/4)" />
                <line number="77" hits="0" branch="false" />
                <line number="78" hits="0" branch="false" />
                <line number="81" hits="1" branch="false" />
                <line number="82" hits="1" branch="true" condition-coverage="50% (1/2)" />
                <line number="83" hits="0" branch="false" />
                <line number="84" hits="0" branch="false" />
                <line number="87" hits="1" branch="false" />
                <line number="90" hits="0" branch="false" />
                <line number="91" hits="0" branch="false" />
                <line number="93" hits="1" branch="false" />
              </lines>
            </method>
          </methods>
          <lines>
            <line number="19" hits="4" branch="false" />
            <line number="20" hits="4" branch="false" />
            <line number="21" hits="4" branch="false" />
            <line number="22" hits="4" branch="false" />
            <line number="24" hits="0" branch="false" />
            <line number="25" hits="0" branch="false" />
            <line number="26" hits="0" branch="false" />
            <line number="27" hits="0" branch="true" condition-coverage="0% (0/4)" />
            <line number="28" hits="0" branch="false" />
            <line number="30" hits="0" branch="false" />
            <line number="32" hits="0" branch="false" />
            <line number="33" hits="0" branch="false" />
            <line number="35" hits="0" branch="false" />
            <line number="38" hits="1" branch="false" />
            <line number="39" hits="1" branch="false" />
            <line number="40" hits="1" branch="false" />
            <line number="41" hits="1" branch="true" condition-coverage="50% (1/2)" />
            <line number="42" hits="0" branch="false" />
            <line number="44" hits="1" branch="false" />
            <line number="46" hits="0" branch="false" />
            <line number="47" hits="0" branch="false" />
            <line number="49" hits="1" branch="false" />
            <line number="53" hits="0" branch="false" />
            <line number="54" hits="0" branch="false" />
            <line number="55" hits="0" branch="true" condition-coverage="0% (0/2)" />
            <line number="56" hits="0" branch="false" />
            <line number="57" hits="0" branch="false" />
            <line number="59" hits="0" branch="false" />
            <line number="60" hits="0" branch="true" condition-coverage="0% (0/2)" />
            <line number="61" hits="0" branch="false" />
            <line number="62" hits="0" branch="false" />
            <line number="64" hits="0" branch="false" />
            <line number="67" hits="0" branch="false" />
            <line number="68" hits="0" branch="false" />
            <line number="70" hits="0" branch="false" />
            <line number="74" hits="1" branch="false" />
            <line number="75" hits="1" branch="false" />
            <line number="76" hits="1" branch="true" condition-coverage="50% (2/4)" />
            <line number="77" hits="0" branch="false" />
            <line number="78" hits="0" branch="false" />
            <line number="81" hits="1" branch="false" />
            <line number="82" hits="1" branch="true" condition-coverage="50% (1/2)" />
            <line number="83" hits="0" branch="false" />
            <line number="84" hits="0" branch="false" />
            <line number="87" hits="1" branch="false" />
            <line number="90" hits="0" branch="false" />
            <line number="91" hits="0" branch="false" />
            <line number="93" hits="1" branch="false" />
            <line number="97" hits="2" branch="false" />
            <line number="98" hits="2" branch="false" />
            <line number="99" hits="2" branch="true" condition-coverage="50% (1/2)" />
            <line number="100" hits="0" branch="false" />
            <line number="101" hits="0" branch="false" />
            <line number="103" hits="2" branch="false" />
            <line number="104" hits="3" branch="true" condition-coverage="100% (2/2)" />
            <line number="105" hits="1" branch="false" />
            <line number="107" hits="1" branch="false" />
            <line number="109" hits="0" branch="false" />
            <line number="110" hits="0" branch="false" />
            <line number="112" hits="2" branch="false" />
            <line number="117" hits="0" branch="false" />
            <line number="118" hits="0" branch="false" />
            <line number="119" hits="0" branch="true" condition-coverage="0% (0/2)" />
            <line number="120" hits="0" branch="false" />
            <line number="121" hits="0" branch="false" />
            <line number="123" hits="0" branch="true" condition-coverage="0% (0/2)" />
            <line number="124" hits="0" branch="false" />
            <line number="125" hits="0" branch="false" />
            <line number="127" hits="0" branch="false" />
            <line number="128" hits="0" branch="true" condition-coverage="0% (0/2)" />
            <line number="129" hits="0" branch="true" condition-coverage="0% (0/2)" />
            <line number="130" hits="0" branch="false" />
            <line number="132" hits="0" branch="false" />
            <line number="133" hits="0" branch="false" />
            <line number="134" hits="0" branch="false" />
            <line number="136" hits="0" branch="false" />
            <line number="137" hits="0" branch="true" condition-coverage="0% (0/2)" />
            <line number="138" hits="0" branch="false" />
            <line number="139" hits="0" branch="false" />
            <line number="142" hits="0" branch="false" />
            <line number="144" hits="0" branch="false" />
            <line number="145" hits="0" branch="false" />
            <line number="147" hits="0" branch="false" />
            <line number="151" hits="0" branch="false" />
            <line number="152" hits="0" branch="false" />
            <line number="153" hits="0" branch="true" condition-coverage="0% (0/2)" />
            <line number="154" hits="0" branch="false" />
            <line number="155" hits="0" branch="false" />
            <line number="157" hits="0" branch="true" condition-coverage="0% (0/2)" />
            <line number="158" hits="0" branch="false" />
            <line number="159" hits="0" branch="false" />
            <line number="161" hits="0" branch="false" />
            <line number="162" hits="0" branch="true" condition-coverage="0% (0/2)" />
            <line number="163" hits="0" branch="true" condition-coverage="0% (0/2)" />
            <line number="164" hits="0" branch="false" />
            <line number="166" hits="0" branch="false" />
            <line number="167" hits="0" branch="false" />
            <line number="168" hits="0" branch="false" />
            <line number="170" hits="0" branch="false" />
            <line number="171" hits="0" branch="true" condition-coverage="0% (0/2)" />
            <line number="172" hits="0" branch="false" />
            <line number="173" hits="0" branch="false" />
            <line number="176" hits="0" branch="false" />
            <line number="178" hits="0" branch="false" />
            <line number="179" hits="0" branch="false" />
            <line number="181" hits="0" branch="false" />
          </lines>
        </class>
        <class name="ProductManagementAPI.Exception_Handling.GlobalExceptionHandler" filename="C:\Users\z004vj3s\Downloads\ProductManagementAPI\ProductManagementAPI\ProductManagementAPI\Exception_Handling\GlobalExceptionHandler.cs" line-rate="0" branch-rate="1" complexity="2">
          <methods>
            <method name=".ctor" signature="(...)" line-rate="0" branch-rate="1" complexity="1">
              <lines>
                <line number="10" hits="0" branch="false" />
                <line number="12" hits="0" branch="false" />
              </lines>
            </method>
            <method name="TryHandleAsync" signature="()" line-rate="0" branch-rate="1" complexity="1">
              <lines>
                <line number="24" hits="0" branch="false" />
                <line number="26" hits="0" branch="false" />
                <line number="28" hits="0" branch="false" />
                <line number="29" hits="0" branch="false" />
                <line number="30" hits="0" branch="false" />
                <line number="31" hits="0" branch="false" />
                <line number="32" hits="0" branch="false" />
                <line number="34" hits="0" branch="false" />
                <line number="36" hits="0" branch="false" />
                <line number="38" hits="0" branch="false" />
                <line number="39" hits="0" branch="false" />
              </lines>
            </method>
          </methods>
          <lines>
            <line number="10" hits="0" branch="false" />
            <line number="12" hits="0" branch="false" />
            <line number="24" hits="0" branch="false" />
            <line number="26" hits="0" branch="false" />
            <line number="28" hits="0" branch="false" />
            <line number="29" hits="0" branch="false" />
            <line number="30" hits="0" branch="false" />
            <line number="31" hits="0" branch="false" />
            <line number="32" hits="0" branch="false" />
            <line number="34" hits="0" branch="false" />
            <line number="36" hits="0" branch="false" />
            <line number="38" hits="0" branch="false" />
            <line number="39" hits="0" branch="false" />
          </lines>
        </class>
        <class name="ProductManagementAPI.Models.Context.ProductDbContext" filename="C:\Users\z004vj3s\Downloads\ProductManagementAPI\ProductManagementAPI\ProductManagementAPI\Models\Context\ProductDbContext.cs" line-rate="0" branch-rate="0" complexity="5">
          <methods>
            <method name="get_Products" signature="()" line-rate="0" branch-rate="1" complexity="1">
              <lines>
                <line number="12" hits="0" branch="false" />
              </lines>
            </method>
            <method name="OnConfiguring" signature="(...)" line-rate="0" branch-rate="0" complexity="2">
              <lines>
                <line number="16" hits="0" branch="false" />
                <line number="17" hits="0" branch="true" condition-coverage="0% (0/2)" />
                <line number="18" hits="0" branch="false" />
                <line number="20" hits="0" branch="false" />
                <line number="21" hits="0" branch="false" />
                <line number="22" hits="0" branch="false" />
              </lines>
            </method>
            <method name="OnModelCreating" signature="(...)" line-rate="0" branch-rate="1" complexity="1">
              <lines>
                <line number="24" hits="0" branch="false" />
                <line number="25" hits="0" branch="false" />
                <line number="27" hits="0" branch="false" />
                <line number="28" hits="0" branch="false" />
                <line number="29" hits="0" branch="false" />
                <line number="30" hits="0" branch="false" />
              </lines>
            </method>
            <method name=".ctor" signature="(...)" line-rate="0" branch-rate="1" complexity="1">
              <lines>
                <line number="14" hits="0" branch="false" />
              </lines>
            </method>
          </methods>
          <lines>
            <line number="12" hits="0" branch="false" />
            <line number="14" hits="0" branch="false" />
            <line number="16" hits="0" branch="false" />
            <line number="17" hits="0" branch="true" condition-coverage="0% (0/2)" />
            <line number="18" hits="0" branch="false" />
            <line number="20" hits="0" branch="false" />
            <line number="21" hits="0" branch="false" />
            <line number="22" hits="0" branch="false" />
            <line number="24" hits="0" branch="false" />
            <line number="25" hits="0" branch="false" />
            <line number="27" hits="0" branch="false" />
            <line number="28" hits="0" branch="false" />
            <line number="29" hits="0" branch="false" />
            <line number="30" hits="0" branch="false" />
          </lines>
        </class>
        <class name="ProductManagementAPI.Models.Dto.ProductDto" filename="C:\Users\z004vj3s\Downloads\ProductManagementAPI\ProductManagementAPI\ProductManagementAPI\Models\Dto\ProductDto.cs" line-rate="1" branch-rate="1" complexity="4">
          <methods>
            <method name="get_Name" signature="()" line-rate="1" branch-rate="1" complexity="1">
              <lines>
                <line number="10" hits="1" branch="false" />
              </lines>
            </method>
            <method name="get_Description" signature="()" line-rate="1" branch-rate="1" complexity="1">
              <lines>
                <line number="11" hits="1" branch="false" />
              </lines>
            </method>
            <method name="get_Price" signature="()" line-rate="1" branch-rate="1" complexity="1">
              <lines>
                <line number="12" hits="1" branch="false" />
              </lines>
            </method>
            <method name="get_Stock" signature="()" line-rate="1" branch-rate="1" complexity="1">
              <lines>
                <line number="13" hits="1" branch="false" />
              </lines>
            </method>
          </methods>
          <lines>
            <line number="10" hits="1" branch="false" />
            <line number="11" hits="1" branch="false" />
            <line number="12" hits="1" branch="false" />
            <line number="13" hits="1" branch="false" />
          </lines>
        </class>
        <class name="ProductManagementAPI.Models.Entities.Product" filename="C:\Users\z004vj3s\Downloads\ProductManagementAPI\ProductManagementAPI\ProductManagementAPI\Models\Entities\Product.cs" line-rate="0.6" branch-rate="1" complexity="5">
          <methods>
            <method name="get_Id" signature="()" line-rate="1" branch-rate="1" complexity="1">
              <lines>
                <line number="13" hits="1" branch="false" />
              </lines>
            </method>
            <method name="get_Name" signature="()" line-rate="1" branch-rate="1" complexity="1">
              <lines>
                <line number="17" hits="1" branch="false" />
              </lines>
            </method>
            <method name="get_Description" signature="()" line-rate="0" branch-rate="1" complexity="1">
              <lines>
                <line number="20" hits="0" branch="false" />
              </lines>
            </method>
            <method name="get_Stock" signature="()" line-rate="1" branch-rate="1" complexity="1">
              <lines>
                <line number="23" hits="1" branch="false" />
              </lines>
            </method>
            <method name="get_Price" signature="()" line-rate="0" branch-rate="1" complexity="1">
              <lines>
                <line number="27" hits="0" branch="false" />
              </lines>
            </method>
          </methods>
          <lines>
            <line number="13" hits="1" branch="false" />
            <line number="17" hits="1" branch="false" />
            <line number="20" hits="0" branch="false" />
            <line number="23" hits="1" branch="false" />
            <line number="27" hits="0" branch="false" />
          </lines>
        </class>
        <class name="ProductManagementAPI.Repository.ProductRepository" filename="C:\Users\z004vj3s\Downloads\ProductManagementAPI\ProductManagementAPI\ProductManagementAPI\Repository\ProductRepository.cs" line-rate="0" branch-rate="0" complexity="12">
          <methods>
            <method name=".ctor" signature="(...)" line-rate="0" branch-rate="1" complexity="1">
              <lines>
                <line number="10" hits="0" branch="false" />
                <line number="11" hits="0" branch="false" />
                <line number="12" hits="0" branch="false" />
                <line number="13" hits="0" branch="false" />
              </lines>
            </method>
            <method name="AddToStockAsync" signature="()" line-rate="0" branch-rate="0" complexity="2">
              <lines>
                <line number="65" hits="0" branch="false" />
                <line number="66" hits="0" branch="false" />
                <line number="67" hits="0" branch="true" condition-coverage="0% (0/2)" />
                <line number="69" hits="0" branch="false" />
                <line number="70" hits="0" branch="false" />
                <line number="71" hits="0" branch="false" />
                <line number="72" hits="0" branch="false" />
              </lines>
            </method>
            <method name="CreateProductAsync" signature="()" line-rate="0" branch-rate="1" complexity="1">
              <lines>
                <line number="26" hits="0" branch="false" />
                <line number="28" hits="0" branch="false" />
                <line number="29" hits="0" branch="false" />
                <line number="30" hits="0" branch="false" />
                <line number="31" hits="0" branch="false" />
              </lines>
            </method>
            <method name="DecrementStockAsync" signature="()" line-rate="0" branch-rate="0" complexity="2">
              <lines>
                <line number="55" hits="0" branch="false" />
                <line number="56" hits="0" branch="false" />
                <line number="57" hits="0" branch="true" condition-coverage="0% (0/2)" />
                <line number="59" hits="0" branch="false" />
                <line number="60" hits="0" branch="false" />
                <line number="61" hits="0" branch="false" />
                <line number="62" hits="0" branch="false" />
              </lines>
            </method>
            <method name="DeleteProductAsync" signature="()" line-rate="0" branch-rate="0" complexity="2">
              <lines>
                <line number="44" hits="0" branch="false" />
                <line number="45" hits="0" branch="false" />
                <line number="46" hits="0" branch="true" condition-coverage="0% (0/2)" />
                <line number="47" hits="0" branch="false" />
                <line number="50" hits="0" branch="false" />
                <line number="51" hits="0" branch="false" />
                <line number="52" hits="0" branch="false" />
                <line number="53" hits="0" branch="false" />
              </lines>
            </method>
            <method name="GetAllProductsAsync" signature="()" line-rate="0" branch-rate="1" complexity="1">
              <lines>
                <line number="17" hits="0" branch="false" />
                <line number="18" hits="0" branch="false" />
                <line number="19" hits="0" branch="false" />
              </lines>
            </method>
            <method name="GetProductByIdAsync" signature="()" line-rate="0" branch-rate="1" complexity="1">
              <lines>
                <line number="22" hits="0" branch="false" />
                <line number="23" hits="0" branch="false" />
                <line number="24" hits="0" branch="false" />
              </lines>
            </method>
            <method name="UpdateProductAsync" signature="()" line-rate="0" branch-rate="0" complexity="2">
              <lines>
                <line number="34" hits="0" branch="false" />
                <line number="35" hits="0" branch="false" />
                <line number="36" hits="0" branch="true" condition-coverage="0% (0/2)" />
                <line number="37" hits="0" branch="false" />
                <line number="39" hits="0" branch="false" />
                <line number="40" hits="0" branch="false" />
                <line number="41" hits="0" branch="false" />
                <line number="42" hits="0" branch="false" />
              </lines>
            </method>
          </methods>
          <lines>
            <line number="10" hits="0" branch="false" />
            <line number="11" hits="0" branch="false" />
            <line number="12" hits="0" branch="false" />
            <line number="13" hits="0" branch="false" />
            <line number="17" hits="0" branch="false" />
            <line number="18" hits="0" branch="false" />
            <line number="19" hits="0" branch="false" />
            <line number="22" hits="0" branch="false" />
            <line number="23" hits="0" branch="false" />
            <line number="24" hits="0" branch="false" />
            <line number="26" hits="0" branch="false" />
            <line number="28" hits="0" branch="false" />
            <line number="29" hits="0" branch="false" />
            <line number="30" hits="0" branch="false" />
            <line number="31" hits="0" branch="false" />
            <line number="34" hits="0" branch="false" />
            <line number="35" hits="0" branch="false" />
            <line number="36" hits="0" branch="true" condition-coverage="0% (0/2)" />
            <line number="37" hits="0" branch="false" />
            <line number="39" hits="0" branch="false" />
            <line number="40" hits="0" branch="false" />
            <line number="41" hits="0" branch="false" />
            <line number="42" hits="0" branch="false" />
            <line number="44" hits="0" branch="false" />
            <line number="45" hits="0" branch="false" />
            <line number="46" hits="0" branch="true" condition-coverage="0% (0/2)" />
            <line number="47" hits="0" branch="false" />
            <line number="50" hits="0" branch="false" />
            <line number="51" hits="0" branch="false" />
            <line number="52" hits="0" branch="false" />
            <line number="53" hits="0" branch="false" />
            <line number="55" hits="0" branch="false" />
            <line number="56" hits="0" branch="false" />
            <line number="57" hits="0" branch="true" condition-coverage="0% (0/2)" />
            <line number="59" hits="0" branch="false" />
            <line number="60" hits="0" branch="false" />
            <line number="61" hits="0" branch="false" />
            <line number="62" hits="0" branch="false" />
            <line number="65" hits="0" branch="false" />
            <line number="66" hits="0" branch="false" />
            <line number="67" hits="0" branch="true" condition-coverage="0% (0/2)" />
            <line number="69" hits="0" branch="false" />
            <line number="70" hits="0" branch="false" />
            <line number="71" hits="0" branch="false" />
            <line number="72" hits="0" branch="false" />
          </lines>
        </class>
        <class name="ProductManagementAPI.Services.ProductIdGenerator" filename="C:\Users\z004vj3s\Downloads\ProductManagementAPI\ProductManagementAPI\ProductManagementAPI\Services\ProductIdGenerator.cs" line-rate="0" branch-rate="1" complexity="2">
          <methods>
            <method name="GenerateUniqueProductId" signature="(...)" line-rate="0" branch-rate="1" complexity="1">
              <lines>
                <line number="12" hits="0" branch="false" />
                <line number="13" hits="0" branch="false" />
                <line number="14" hits="0" branch="false" />
                <line number="17" hits="0" branch="false" />
                <line number="20" hits="0" branch="false" />
                <line number="23" hits="0" branch="false" />
                <line number="24" hits="0" branch="false" />
              </lines>
            </method>
            <method name=".cctor" signature="()" line-rate="0" branch-rate="1" complexity="1">
              <lines>
                <line number="10" hits="0" branch="false" />
              </lines>
            </method>
          </methods>
          <lines>
            <line number="10" hits="0" branch="false" />
            <line number="12" hits="0" branch="false" />
            <line number="13" hits="0" branch="false" />
            <line number="14" hits="0" branch="false" />
            <line number="17" hits="0" branch="false" />
            <line number="20" hits="0" branch="false" />
            <line number="23" hits="0" branch="false" />
            <line number="24" hits="0" branch="false" />
          </lines>
        </class>
        <class name="ProductManagementAPI.Services.ProductService" filename="C:\Users\z004vj3s\Downloads\ProductManagementAPI\ProductManagementAPI\ProductManagementAPI\Services\ProductService.cs" line-rate="0" branch-rate="0" complexity="11">
          <methods>
            <method name=".ctor" signature="(...)" line-rate="0" branch-rate="1" complexity="1">
              <lines>
                <line number="16" hits="0" branch="false" />
                <line number="17" hits="0" branch="false" />
                <line number="18" hits="0" branch="false" />
                <line number="19" hits="0" branch="false" />
                <line number="20" hits="0" branch="false" />
              </lines>
            </method>
            <method name="AddProduct" signature="()" line-rate="0" branch-rate="0" complexity="2">
              <lines>
                <line number="32" hits="0" branch="false" />
                <line number="33" hits="0" branch="false" />
                <line number="34" hits="0" branch="false" />
                <line number="35" hits="0" branch="false" />
                <line number="36" hits="0" branch="false" />
                <line number="37" hits="0" branch="false" />
                <line number="38" hits="0" branch="false" />
                <line number="39" hits="0" branch="false" />
                <line number="40" hits="0" branch="false" />
                <line number="41" hits="0" branch="true" condition-coverage="0% (0/2)" />
                <line number="42" hits="0" branch="false" />
                <line number="44" hits="0" branch="false" />
                <line number="45" hits="0" branch="false" />
              </lines>
            </method>
            <method name="AddToStock" signature="()" line-rate="0" branch-rate="1" complexity="1">
              <lines>
                <line number="77" hits="0" branch="false" />
                <line number="78" hits="0" branch="false" />
                <line number="79" hits="0" branch="false" />
              </lines>
            </method>
            <method name="DecrementStock" signature="()" line-rate="0" branch-rate="1" complexity="1">
              <lines>
                <line number="73" hits="0" branch="false" />
                <line number="74" hits="0" branch="false" />
                <line number="75" hits="0" branch="false" />
              </lines>
            </method>
            <method name="GetAllProducts" signature="()" line-rate="0" branch-rate="1" complexity="1">
              <lines>
                <line number="22" hits="0" branch="false" />
                <line number="23" hits="0" branch="false" />
                <line number="24" hits="0" branch="false" />
              </lines>
            </method>
            <method name="GetProductById" signature="()" line-rate="0" branch-rate="1" complexity="1">
              <lines>
                <line number="27" hits="0" branch="false" />
                <line number="28" hits="0" branch="false" />
                <line number="29" hits="0" branch="false" />
              </lines>
            </method>
            <method name="RemoveProduct" signature="()" line-rate="0" branch-rate="0" complexity="2">
              <lines>
                <line number="63" hits="0" branch="false" />
                <line number="64" hits="0" branch="false" />
                <line number="65" hits="0" branch="true" condition-coverage="0% (0/2)" />
                <line number="66" hits="0" branch="false" />
                <line number="68" hits="0" branch="false" />
                <line number="70" hits="0" branch="false" />
              </lines>
            </method>
            <method name="UpdateProduct" signature="()" line-rate="0" branch-rate="0" complexity="2">
              <lines>
                <line number="48" hits="0" branch="false" />
                <line number="49" hits="0" branch="false" />
                <line number="50" hits="0" branch="true" condition-coverage="0% (0/2)" />
                <line number="51" hits="0" branch="false" />
                <line number="53" hits="0" branch="false" />
                <line number="54" hits="0" branch="false" />
                <line number="55" hits="0" branch="false" />
                <line number="56" hits="0" branch="false" />
                <line number="58" hits="0" branch="false" />
                <line number="59" hits="0" branch="false" />
                <line number="60" hits="0" branch="false" />
              </lines>
            </method>
          </methods>
          <lines>
            <line number="16" hits="0" branch="false" />
            <line number="17" hits="0" branch="false" />
            <line number="18" hits="0" branch="false" />
            <line number="19" hits="0" branch="false" />
            <line number="20" hits="0" branch="false" />
            <line number="22" hits="0" branch="false" />
            <line number="23" hits="0" branch="false" />
            <line number="24" hits="0" branch="false" />
            <line number="27" hits="0" branch="false" />
            <line number="28" hits="0" branch="false" />
            <line number="29" hits="0" branch="false" />
            <line number="32" hits="0" branch="false" />
            <line number="33" hits="0" branch="false" />
            <line number="34" hits="0" branch="false" />
            <line number="35" hits="0" branch="false" />
            <line number="36" hits="0" branch="false" />
            <line number="37" hits="0" branch="false" />
            <line number="38" hits="0" branch="false" />
            <line number="39" hits="0" branch="false" />
            <line number="40" hits="0" branch="false" />
            <line number="41" hits="0" branch="true" condition-coverage="0% (0/2)" />
            <line number="42" hits="0" branch="false" />
            <line number="44" hits="0" branch="false" />
            <line number="45" hits="0" branch="false" />
            <line number="48" hits="0" branch="false" />
            <line number="49" hits="0" branch="false" />
            <line number="50" hits="0" branch="true" condition-coverage="0% (0/2)" />
            <line number="51" hits="0" branch="false" />
            <line number="53" hits="0" branch="false" />
            <line number="54" hits="0" branch="false" />
            <line number="55" hits="0" branch="false" />
            <line number="56" hits="0" branch="false" />
            <line number="58" hits="0" branch="false" />
            <line number="59" hits="0" branch="false" />
            <line number="60" hits="0" branch="false" />
            <line number="63" hits="0" branch="false" />
            <line number="64" hits="0" branch="false" />
            <line number="65" hits="0" branch="true" condition-coverage="0% (0/2)" />
            <line number="66" hits="0" branch="false" />
            <line number="68" hits="0" branch="false" />
            <line number="70" hits="0" branch="false" />
            <line number="73" hits="0" branch="false" />
            <line number="74" hits="0" branch="false" />
            <line number="75" hits="0" branch="false" />
            <line number="77" hits="0" branch="false" />
            <line number="78" hits="0" branch="false" />
            <line number="79" hits="0" branch="false" />
          </lines>
        </class>
        <class name="Program" filename="C:\Users\z004vj3s\Downloads\ProductManagementAPI\ProductManagementAPI\ProductManagementAPI\Program.cs" line-rate="0" branch-rate="0" complexity="2">
          <methods>
            <method name="&lt;Main&gt;$" signature="(...)" line-rate="0" branch-rate="0" complexity="2">
              <lines>
                <line number="7" hits="0" branch="false" />
                <line number="11" hits="0" branch="false" />
                <line number="13" hits="0" branch="false" />
                <line number="14" hits="0" branch="false" />
                <line number="16" hits="0" branch="false" />
                <line number="17" hits="0" branch="false" />
                <line number="18" hits="0" branch="false" />
                <line number="19" hits="0" branch="false" />
                <line number="20" hits="0" branch="false" />
                <line number="21" hits="0" branch="false" />
                <line number="24" hits="0" branch="true" condition-coverage="0% (0/2)" />
                <line number="25" hits="0" branch="false" />
                <line number="26" hits="0" branch="false" />
                <line number="27" hits="0" branch="false" />
                <line number="28" hits="0" branch="false" />
                <line number="30" hits="0" branch="false" />
                <line number="32" hits="0" branch="false" />
                <line number="33" hits="0" branch="false" />
                <line number="34" hits="0" branch="false" />
                <line number="36" hits="0" branch="false" />
              </lines>
            </method>
          </methods>
          <lines>
            <line number="7" hits="0" branch="false" />
            <line number="11" hits="0" branch="false" />
            <line number="13" hits="0" branch="false" />
            <line number="14" hits="0" branch="false" />
            <line number="16" hits="0" branch="false" />
            <line number="17" hits="0" branch="false" />
            <line number="18" hits="0" branch="false" />
            <line number="19" hits="0" branch="false" />
            <line number="20" hits="0" branch="false" />
            <line number="21" hits="0" branch="false" />
            <line number="24" hits="0" branch="true" condition-coverage="0% (0/2)" />
            <line number="25" hits="0" branch="false" />
            <line number="26" hits="0" branch="false" />
            <line number="27" hits="0" branch="false" />
            <line number="28" hits="0" branch="false" />
            <line number="30" hits="0" branch="false" />
            <line number="32" hits="0" branch="false" />
            <line number="33" hits="0" branch="false" />
            <line number="34" hits="0" branch="false" />
            <line number="36" hits="0" branch="false" />
          </lines>
        </class>
      </classes>
    </package>
    <package name="ProductManagementAPI.Tests" line-rate="0.976190476190476" branch-rate="1" complexity="6">
      <classes>
        <class name="AutoGeneratedProgram" filename="C:\Users\z004vj3s\.nuget\packages\microsoft.net.test.sdk\17.11.1\build\netcoreapp3.1\Microsoft.NET.Test.Sdk.Program.cs" line-rate="0" branch-rate="1" complexity="1">
          <methods>
            <method name="Main" signature="(...)" line-rate="0" branch-rate="1" complexity="1">
              <lines>
                <line number="4" hits="0" branch="false" />
              </lines>
            </method>
          </methods>
          <lines>
            <line number="4" hits="0" branch="false" />
          </lines>
        </class>
        <class name="ProductManagementAPI.Tests.ProductTests" filename="C:\Users\z004vj3s\Downloads\ProductManagementAPI\ProductManagementAPI\ProductManagementAPI.Tests\ProductTests.cs" line-rate="1" branch-rate="1" complexity="5">
          <methods>
            <method name="SetUp" signature="()" line-rate="1" branch-rate="1" complexity="1">
              <lines>
                <line number="18" hits="4" branch="false" />
                <line number="19" hits="4" branch="false" />
                <line number="20" hits="4" branch="false" />
                <line number="21" hits="4" branch="false" />
              </lines>
            </method>
            <method name="DeleteProduct_ProductNotFound_ReturnsInternalServerError" signature="()" line-rate="1" branch-rate="1" complexity="1">
              <lines>
                <line number="70" hits="1" branch="false" />
                <line number="71" hits="1" branch="false" />
                <line number="73" hits="1" branch="false" />
                <line number="75" hits="1" branch="false" />
                <line number="77" hits="1" branch="false" />
                <line number="78" hits="1" branch="false" />
                <line number="79" hits="1" branch="false" />
                <line number="80" hits="1" branch="false" />
                <line number="81" hits="1" branch="false" />
                <line number="82" hits="2" branch="false" />
                <line number="83" hits="1" branch="false" />
              </lines>
            </method>
            <method name="DeleteProduct_ValidProduct_ReturnsNoContent" signature="()" line-rate="1" branch-rate="1" complexity="1">
              <lines>
                <line number="57" hits="1" branch="false" />
                <line number="58" hits="1" branch="false" />
                <line number="60" hits="1" branch="false" />
                <line number="62" hits="1" branch="false" />
                <line number="64" hits="1" branch="false" />
                <line number="65" hits="1" branch="false" />
                <line number="66" hits="1" branch="false" />
              </lines>
            </method>
            <method name="GetProductById_ProductExists_ReturnsOkResult" signature="()" line-rate="1" branch-rate="1" complexity="1">
              <lines>
                <line number="26" hits="1" branch="false" />
                <line number="27" hits="1" branch="false" />
                <line number="28" hits="1" branch="false" />
                <line number="29" hits="1" branch="false" />
                <line number="31" hits="1" branch="false" />
                <line number="33" hits="1" branch="false" />
                <line number="34" hits="1" branch="false" />
              </lines>
            </method>
            <method name="UpdateProduct_UpdateFails_ReturnsInternalServerError" signature="()" line-rate="1" branch-rate="1" complexity="1">
              <lines>
                <line number="38" hits="1" branch="false" />
                <line number="39" hits="1" branch="false" />
                <line number="40" hits="1" branch="false" />
                <line number="42" hits="1" branch="false" />
                <line number="44" hits="1" branch="false" />
                <line number="46" hits="1" branch="false" />
                <line number="47" hits="1" branch="false" />
                <line number="48" hits="1" branch="false" />
                <line number="49" hits="1" branch="false" />
                <line number="50" hits="1" branch="false" />
                <line number="51" hits="2" branch="false" />
                <line number="52" hits="1" branch="false" />
              </lines>
            </method>
          </methods>
          <lines>
            <line number="18" hits="4" branch="false" />
            <line number="19" hits="4" branch="false" />
            <line number="20" hits="4" branch="false" />
            <line number="21" hits="4" branch="false" />
            <line number="26" hits="1" branch="false" />
            <line number="27" hits="1" branch="false" />
            <line number="28" hits="1" branch="false" />
            <line number="29" hits="1" branch="false" />
            <line number="31" hits="1" branch="false" />
            <line number="33" hits="1" branch="false" />
            <line number="34" hits="1" branch="false" />
            <line number="38" hits="1" branch="false" />
            <line number="39" hits="1" branch="false" />
            <line number="40" hits="1" branch="false" />
            <line number="42" hits="1" branch="false" />
            <line number="44" hits="1" branch="false" />
            <line number="46" hits="1" branch="false" />
            <line number="47" hits="1" branch="false" />
            <line number="48" hits="1" branch="false" />
            <line number="49" hits="1" branch="false" />
            <line number="50" hits="1" branch="false" />
            <line number="51" hits="2" branch="false" />
            <line number="52" hits="1" branch="false" />
            <line number="57" hits="1" branch="false" />
            <line number="58" hits="1" branch="false" />
            <line number="60" hits="1" branch="false" />
            <line number="62" hits="1" branch="false" />
            <line number="64" hits="1" branch="false" />
            <line number="65" hits="1" branch="false" />
            <line number="66" hits="1" branch="false" />
            <line number="70" hits="1" branch="false" />
            <line number="71" hits="1" branch="false" />
            <line number="73" hits="1" branch="false" />
            <line number="75" hits="1" branch="false" />
            <line number="77" hits="1" branch="false" />
            <line number="78" hits="1" branch="false" />
            <line number="79" hits="1" branch="false" />
            <line number="80" hits="1" branch="false" />
            <line number="81" hits="1" branch="false" />
            <line number="82" hits="2" branch="false" />
            <line number="83" hits="1" branch="false" />
          </lines>
        </class>
      </classes>
    </package>
  </packages>
</coverage>