TpTrace Verbose: 0 : 4080, 1, 2024/11/11, 19:35:19.492, 7178891819324, vstest.console.dll, Version: 17.10.0-release-24317-02 Current process architecture: X64
TpTrace Verbose: 0 : 4080, 1, 2024/11/11, 19:35:19.500, 7178891901092, vstest.console.dll, Runtime location: C:\Program Files\dotnet\shared\Microsoft.NETCore.App\8.0.10
TpTrace Verbose: 0 : 4080, 1, 2024/11/11, 19:35:19.504, 7178891940738, vstest.console.dll, ArtifactProcessingPostProcessModeProcessorExecutor.Initialize: ArtifactProcessingMode.Collect
TpTrace Verbose: 0 : 4080, 1, 2024/11/11, 19:35:19.505, 7178891942977, vstest.console.dll, TestSessionCorrelationIdProcessorModeProcessorExecutor.Initialize: TestSessionCorrelationId '52668_d079c977-43e2-4992-88e3-b0eff0711649'
TpTrace Information: 0 : 4080, 1, 2024/11/11, 19:35:19.520, 7178892094768, vstest.console.dll, FilePatternParser: The given file C:\Users\z004vj3s\Downloads\ProductManagementAPI\ProductManagementAPI\ProductManagementAPI.Tests\bin\Debug\net8.0\fine-code-coverage\build-output\ProductManagementAPI.Tests.dll is a full path.
TpTrace Verbose: 0 : 4080, 1, 2024/11/11, 19:35:19.531, 7178892204249, vstest.console.dll, TestPluginCache.DiscoverTestExtensions: finding test extensions in assemblies ends with: RuntimeProvider.dll TPluginInfo: Microsoft.VisualStudio.TestPlatform.Common.ExtensionFramework.Utilities.TestRuntimePluginInformation TExtension: Microsoft.VisualStudio.TestPlatform.ObjectModel.Host.ITestRuntimeProvider
TpTrace Verbose: 0 : 4080, 1, 2024/11/11, 19:35:19.531, 7178892210891, vstest.console.dll, TestPluginCache.GetExtensionPaths: Filtered extension paths: 
TpTrace Verbose: 0 : 4080, 1, 2024/11/11, 19:35:19.532, 7178892212776, vstest.console.dll, TestPluginCache.GetExtensionPaths: Added default extension paths: C:\Program Files\dotnet\sdk\8.0.306\Extensions\Microsoft.Diagnostics.NETCore.Client.dll
C:\Program Files\dotnet\sdk\8.0.306\Extensions\Microsoft.TestPlatform.Extensions.BlameDataCollector.dll
C:\Program Files\dotnet\sdk\8.0.306\Extensions\Microsoft.TestPlatform.Extensions.EventLogCollector.dll
C:\Program Files\dotnet\sdk\8.0.306\Extensions\Microsoft.TestPlatform.TestHostRuntimeProvider.dll
C:\Program Files\dotnet\sdk\8.0.306\Extensions\Microsoft.VisualStudio.TestPlatform.Extensions.Html.TestLogger.dll
C:\Program Files\dotnet\sdk\8.0.306\Extensions\Microsoft.VisualStudio.TestPlatform.Extensions.Trx.TestLogger.dll
TpTrace Verbose: 0 : 4080, 1, 2024/11/11, 19:35:19.532, 7178892213330, vstest.console.dll, TestPluginCache.GetExtensionPaths: Added unfilterableExtensionPaths: 
TpTrace Information: 0 : 4080, 1, 2024/11/11, 19:35:19.533, 7178892224173, vstest.console.dll, AssemblyResolver.ctor: Creating AssemblyResolver with searchDirectories C:\Program Files\dotnet\sdk\8.0.306\Extensions,C:\Program Files\dotnet\sdk\8.0.306
TpTrace Verbose: 0 : 4080, 1, 2024/11/11, 19:35:19.535, 7178892246707, vstest.console.dll, TestPluginCache.DiscoverTestExtensions: Discovering the extensions using extension path.
TpTrace Verbose: 0 : 4080, 1, 2024/11/11, 19:35:19.535, 7178892249223, vstest.console.dll, TestPluginCache.GetExtensionPaths: Filtered extension paths: 
TpTrace Verbose: 0 : 4080, 1, 2024/11/11, 19:35:19.535, 7178892250229, vstest.console.dll, TestPluginCache.GetExtensionPaths: Added default extension paths: C:\Program Files\dotnet\sdk\8.0.306\Extensions\Microsoft.Diagnostics.NETCore.Client.dll
C:\Program Files\dotnet\sdk\8.0.306\Extensions\Microsoft.TestPlatform.Extensions.BlameDataCollector.dll
C:\Program Files\dotnet\sdk\8.0.306\Extensions\Microsoft.TestPlatform.Extensions.EventLogCollector.dll
C:\Program Files\dotnet\sdk\8.0.306\Extensions\Microsoft.TestPlatform.TestHostRuntimeProvider.dll
C:\Program Files\dotnet\sdk\8.0.306\Extensions\Microsoft.VisualStudio.TestPlatform.Extensions.Html.TestLogger.dll
C:\Program Files\dotnet\sdk\8.0.306\Extensions\Microsoft.VisualStudio.TestPlatform.Extensions.Trx.TestLogger.dll
TpTrace Verbose: 0 : 4080, 1, 2024/11/11, 19:35:19.535, 7178892250799, vstest.console.dll, TestPluginCache.GetExtensionPaths: Added unfilterableExtensionPaths: 
TpTrace Verbose: 0 : 4080, 1, 2024/11/11, 19:35:19.536, 7178892253206, vstest.console.dll, TestPluginCache.DiscoverTestExtensions: Discovering the extensions using allExtensionPaths: C:\Program Files\dotnet\sdk\8.0.306\Extensions\Microsoft.Diagnostics.NETCore.Client.dll
C:\Program Files\dotnet\sdk\8.0.306\Extensions\Microsoft.TestPlatform.Extensions.BlameDataCollector.dll
C:\Program Files\dotnet\sdk\8.0.306\Extensions\Microsoft.TestPlatform.Extensions.EventLogCollector.dll
C:\Program Files\dotnet\sdk\8.0.306\Extensions\Microsoft.TestPlatform.TestHostRuntimeProvider.dll
C:\Program Files\dotnet\sdk\8.0.306\Extensions\Microsoft.VisualStudio.TestPlatform.Extensions.Html.TestLogger.dll
C:\Program Files\dotnet\sdk\8.0.306\Extensions\Microsoft.VisualStudio.TestPlatform.Extensions.Trx.TestLogger.dll
TpTrace Information: 0 : 4080, 1, 2024/11/11, 19:35:19.536, 7178892255907, vstest.console.dll, AssemblyResolver.AddSearchDirectories: Adding more searchDirectories C:\Program Files\dotnet\sdk\8.0.306\Extensions,C:\Program Files\dotnet\sdk\8.0.306
TpTrace Information: 0 : 4080, 1, 2024/11/11, 19:35:19.536, 7178892256841, vstest.console.dll, AssemblyResolver.AddSearchDirectories: Adding more searchDirectories C:\Program Files\dotnet\sdk\8.0.306\Extensions,C:\Program Files\dotnet\sdk\8.0.306
TpTrace Information: 0 : 4080, 1, 2024/11/11, 19:35:19.536, 7178892257374, vstest.console.dll, AssemblyResolver.AddSearchDirectories: Adding more searchDirectories C:\Program Files\dotnet\sdk\8.0.306\Extensions,C:\Program Files\dotnet\sdk\8.0.306
TpTrace Information: 0 : 4080, 1, 2024/11/11, 19:35:19.536, 7178892257828, vstest.console.dll, AssemblyResolver.AddSearchDirectories: Adding more searchDirectories C:\Program Files\dotnet\sdk\8.0.306\Extensions,C:\Program Files\dotnet\sdk\8.0.306
TpTrace Information: 0 : 4080, 1, 2024/11/11, 19:35:19.536, 7178892258288, vstest.console.dll, AssemblyResolver.AddSearchDirectories: Adding more searchDirectories C:\Program Files\dotnet\sdk\8.0.306\Extensions,C:\Program Files\dotnet\sdk\8.0.306
TpTrace Information: 0 : 4080, 1, 2024/11/11, 19:35:19.536, 7178892258762, vstest.console.dll, AssemblyResolver.AddSearchDirectories: Adding more searchDirectories C:\Program Files\dotnet\sdk\8.0.306\Extensions,C:\Program Files\dotnet\sdk\8.0.306
TpTrace Information: 0 : 4080, 1, 2024/11/11, 19:35:19.537, 7178892269851, vstest.console.dll, AssemblyResolver.OnResolve: Microsoft.Diagnostics.NETCore.Client: Resolving assembly.
TpTrace Information: 0 : 4080, 1, 2024/11/11, 19:35:19.537, 7178892271185, vstest.console.dll, AssemblyResolver.OnResolve: Microsoft.Diagnostics.NETCore.Client: Searching in: 'C:\Program Files\dotnet\sdk\8.0.306\Extensions'.
TpTrace Information: 0 : 4080, 1, 2024/11/11, 19:35:19.549, 7178892390337, vstest.console.dll, AssemblyResolver.OnResolve: Microsoft.Diagnostics.NETCore.Client: Loading assembly 'C:\Program Files\dotnet\sdk\8.0.306\Extensions\Microsoft.Diagnostics.NETCore.Client.dll'.
TpTrace Information: 0 : 4080, 1, 2024/11/11, 19:35:19.551, 7178892402418, vstest.console.dll, AssemblyResolver.OnResolve: Resolved assembly: Microsoft.Diagnostics.NETCore.Client, from path: C:\Program Files\dotnet\sdk\8.0.306\Extensions\Microsoft.Diagnostics.NETCore.Client.dll
TpTrace Verbose: 0 : 4080, 1, 2024/11/11, 19:35:19.563, 7178892522433, vstest.console.dll, MetadataReaderExtensionsHelper: Discovering extensions inside assembly 'Microsoft.Diagnostics.NETCore.Client, Version=0.2.10.15101, Culture=neutral, PublicKeyToken=31bf3856ad364e35' file path 'C:\Program Files\dotnet\sdk\8.0.306\Extensions\Microsoft.Diagnostics.NETCore.Client.dll'
TpTrace Information: 0 : 4080, 1, 2024/11/11, 19:35:19.576, 7178892653071, vstest.console.dll, AssemblyResolver.OnResolve: Microsoft.Bcl.AsyncInterfaces: Resolving assembly.
TpTrace Information: 0 : 4080, 1, 2024/11/11, 19:35:19.576, 7178892654762, vstest.console.dll, AssemblyResolver.OnResolve: Microsoft.Bcl.AsyncInterfaces: Searching in: 'C:\Program Files\dotnet\sdk\8.0.306\Extensions'.
TpTrace Information: 0 : 4080, 1, 2024/11/11, 19:35:19.576, 7178892656178, vstest.console.dll, AssemblyResolver.OnResolve: Microsoft.Bcl.AsyncInterfaces: Assembly path does not exist: 'C:\Program Files\dotnet\sdk\8.0.306\Extensions\Microsoft.Bcl.AsyncInterfaces.dll', returning.
TpTrace Information: 0 : 4080, 1, 2024/11/11, 19:35:19.577, 7178892662773, vstest.console.dll, AssemblyResolver.OnResolve: Microsoft.Bcl.AsyncInterfaces: Assembly path does not exist: 'C:\Program Files\dotnet\sdk\8.0.306\Extensions\Microsoft.Bcl.AsyncInterfaces.exe', returning.
TpTrace Information: 0 : 4080, 1, 2024/11/11, 19:35:19.577, 7178892663804, vstest.console.dll, AssemblyResolver.OnResolve: Microsoft.Bcl.AsyncInterfaces: Searching in: 'C:\Program Files\dotnet\sdk\8.0.306'.
TpTrace Information: 0 : 4080, 1, 2024/11/11, 19:35:19.577, 7178892665090, vstest.console.dll, AssemblyResolver.OnResolve: Microsoft.Bcl.AsyncInterfaces: Assembly path does not exist: 'C:\Program Files\dotnet\sdk\8.0.306\Microsoft.Bcl.AsyncInterfaces.dll', returning.
TpTrace Information: 0 : 4080, 1, 2024/11/11, 19:35:19.577, 7178892666066, vstest.console.dll, AssemblyResolver.OnResolve: Microsoft.Bcl.AsyncInterfaces: Assembly path does not exist: 'C:\Program Files\dotnet\sdk\8.0.306\Microsoft.Bcl.AsyncInterfaces.exe', returning.
TpTrace Information: 0 : 4080, 1, 2024/11/11, 19:35:19.577, 7178892666657, vstest.console.dll, AssemblyResolver.OnResolve: Microsoft.Bcl.AsyncInterfaces: Failed to load assembly.
TpTrace Verbose: 0 : 4080, 1, 2024/11/11, 19:35:19.577, 7178892667280, vstest.console.dll, CurrentDomainAssemblyResolve: Resolving assembly 'Microsoft.Bcl.AsyncInterfaces'.
TpTrace Information: 0 : 4080, 1, 2024/11/11, 19:35:19.577, 7178892668362, vstest.console.dll, AssemblyResolver.OnResolve: Microsoft.Bcl.AsyncInterfaces: Resolving assembly.
TpTrace Information: 0 : 4080, 1, 2024/11/11, 19:35:19.577, 7178892669026, vstest.console.dll, AssemblyResolver.OnResolve: Microsoft.Bcl.AsyncInterfaces: Resolved from cache.
TpTrace Verbose: 0 : 4080, 1, 2024/11/11, 19:35:19.577, 7178892669484, vstest.console.dll, CurrentDomainAssemblyResolve: Resolving assembly 'Microsoft.Bcl.AsyncInterfaces'.
TpTrace Verbose: 0 : 4080, 1, 2024/11/11, 19:35:19.577, 7178892670072, vstest.console.dll, CurrentDomainAssemblyResolve: Failed to resolve assembly 'Microsoft.Bcl.AsyncInterfaces'.
TpTrace Verbose: 0 : 4080, 1, 2024/11/11, 19:35:19.579, 7178892682480, vstest.console.dll, CurrentDomainAssemblyResolve: Failed to resolve assembly 'Microsoft.Bcl.AsyncInterfaces'.
TpTrace Warning: 0 : 4080, 1, 2024/11/11, 19:35:19.596, 7178892860158, vstest.console.dll, TestPluginDiscoverer: Failed to get types from assembly 'Microsoft.Diagnostics.NETCore.Client, Version=0.2.10.15101, Culture=neutral, PublicKeyToken=31bf3856ad364e35'. Error: System.Reflection.ReflectionTypeLoadException: Unable to load one or more of the requested types.
Could not load file or assembly 'Microsoft.Bcl.AsyncInterfaces, Version=6.0.0.0, Culture=neutral, PublicKeyToken=cc7b13ffcd2ddd51'. The system cannot find the file specified.
   at System.Reflection.RuntimeModule.GetTypes(RuntimeModule module)
   at System.Reflection.RuntimeModule.GetTypes()
   at Microsoft.VisualStudio.TestPlatform.Common.ExtensionFramework.TestPluginDiscoverer.GetTestExtensionsFromAssembly[TPluginInfo,TExtension](Assembly assembly, Dictionary`2 pluginInfos, String filePath) in /_/src/Microsoft.TestPlatform.Common/ExtensionFramework/TestPluginDiscoverer.cs:line 158
System.IO.FileNotFoundException: Could not load file or assembly 'Microsoft.Bcl.AsyncInterfaces, Version=6.0.0.0, Culture=neutral, PublicKeyToken=cc7b13ffcd2ddd51'. The system cannot find the file specified.
File name: 'Microsoft.Bcl.AsyncInterfaces, Version=6.0.0.0, Culture=neutral, PublicKeyToken=cc7b13ffcd2ddd51'
 ---> System.IO.FileNotFoundException: Could not load file or assembly 'Microsoft.Bcl.AsyncInterfaces, Culture=neutral, PublicKeyToken=null'. The system cannot find the file specified.
File name: 'Microsoft.Bcl.AsyncInterfaces, Culture=neutral, PublicKeyToken=null'
   at System.Reflection.RuntimeAssembly.InternalLoad(AssemblyName assemblyName, StackCrawlMark& stackMark, AssemblyLoadContext assemblyLoadContext, RuntimeAssembly requestingAssembly, Boolean throwOnFileNotFound)
   at System.Reflection.Assembly.Load(AssemblyName assemblyRef)
   at Microsoft.VisualStudio.TestPlatform.Common.ExtensionFramework.TestPluginCache.CurrentDomainAssemblyResolve(Object sender, AssemblyResolveEventArgs args) in /_/src/Microsoft.TestPlatform.Common/ExtensionFramework/TestPluginCache.cs:line 513
   at System.Runtime.Loader.AssemblyLoadContext.GetFirstResolvedAssemblyFromResolvingEvent(AssemblyName assemblyName)
   at System.Runtime.Loader.AssemblyLoadContext.ResolveUsingEvent(AssemblyName assemblyName)
   at System.Runtime.Loader.AssemblyLoadContext.ResolveUsingResolvingEvent(IntPtr gchManagedAssemblyLoadContext, AssemblyName assemblyName)
TpTrace Warning: 0 : 4080, 1, 2024/11/11, 19:35:19.597, 7178892866398, vstest.console.dll, LoaderExceptions: System.IO.FileNotFoundException: Could not load file or assembly 'Microsoft.Bcl.AsyncInterfaces, Version=6.0.0.0, Culture=neutral, PublicKeyToken=cc7b13ffcd2ddd51'. The system cannot find the file specified.
File name: 'Microsoft.Bcl.AsyncInterfaces, Version=6.0.0.0, Culture=neutral, PublicKeyToken=cc7b13ffcd2ddd51'
 ---> System.IO.FileNotFoundException: Could not load file or assembly 'Microsoft.Bcl.AsyncInterfaces, Culture=neutral, PublicKeyToken=null'. The system cannot find the file specified.
File name: 'Microsoft.Bcl.AsyncInterfaces, Culture=neutral, PublicKeyToken=null'
   at System.Reflection.RuntimeAssembly.InternalLoad(AssemblyName assemblyName, StackCrawlMark& stackMark, AssemblyLoadContext assemblyLoadContext, RuntimeAssembly requestingAssembly, Boolean throwOnFileNotFound)
   at System.Reflection.Assembly.Load(AssemblyName assemblyRef)
   at Microsoft.VisualStudio.TestPlatform.Common.ExtensionFramework.TestPluginCache.CurrentDomainAssemblyResolve(Object sender, AssemblyResolveEventArgs args) in /_/src/Microsoft.TestPlatform.Common/ExtensionFramework/TestPluginCache.cs:line 513
   at System.Runtime.Loader.AssemblyLoadContext.GetFirstResolvedAssemblyFromResolvingEvent(AssemblyName assemblyName)
   at System.Runtime.Loader.AssemblyLoadContext.ResolveUsingEvent(AssemblyName assemblyName)
   at System.Runtime.Loader.AssemblyLoadContext.ResolveUsingResolvingEvent(IntPtr gchManagedAssemblyLoadContext, AssemblyName assemblyName)
TpTrace Information: 0 : 4080, 1, 2024/11/11, 19:35:19.597, 7178892869034, vstest.console.dll, AssemblyResolver.OnResolve: Microsoft.TestPlatform.Extensions.BlameDataCollector: Resolving assembly.
TpTrace Information: 0 : 4080, 1, 2024/11/11, 19:35:19.597, 7178892870517, vstest.console.dll, AssemblyResolver.OnResolve: Microsoft.TestPlatform.Extensions.BlameDataCollector: Searching in: 'C:\Program Files\dotnet\sdk\8.0.306\Extensions'.
TpTrace Information: 0 : 4080, 1, 2024/11/11, 19:35:19.601, 7178892906672, vstest.console.dll, AssemblyResolver.OnResolve: Microsoft.TestPlatform.Extensions.BlameDataCollector: Loading assembly 'C:\Program Files\dotnet\sdk\8.0.306\Extensions\Microsoft.TestPlatform.Extensions.BlameDataCollector.dll'.
TpTrace Information: 0 : 4080, 1, 2024/11/11, 19:35:19.602, 7178892917850, vstest.console.dll, AssemblyResolver.OnResolve: Resolved assembly: Microsoft.TestPlatform.Extensions.BlameDataCollector, from path: C:\Program Files\dotnet\sdk\8.0.306\Extensions\Microsoft.TestPlatform.Extensions.BlameDataCollector.dll
TpTrace Verbose: 0 : 4080, 1, 2024/11/11, 19:35:19.602, 7178892920085, vstest.console.dll, MetadataReaderExtensionsHelper: Discovering extensions inside assembly 'Microsoft.TestPlatform.Extensions.BlameDataCollector, Version=15.0.0.0, Culture=neutral, PublicKeyToken=b03f5f7f11d50a3a' file path 'C:\Program Files\dotnet\sdk\8.0.306\Extensions\Microsoft.TestPlatform.Extensions.BlameDataCollector.dll'
TpTrace Information: 0 : 4080, 1, 2024/11/11, 19:35:19.605, 7178892950027, vstest.console.dll, AssemblyResolver.OnResolve: Microsoft.TestPlatform.Extensions.EventLogCollector: Resolving assembly.
TpTrace Information: 0 : 4080, 1, 2024/11/11, 19:35:19.606, 7178892952953, vstest.console.dll, AssemblyResolver.OnResolve: Microsoft.TestPlatform.Extensions.EventLogCollector: Searching in: 'C:\Program Files\dotnet\sdk\8.0.306\Extensions'.
TpTrace Information: 0 : 4080, 1, 2024/11/11, 19:35:19.607, 7178892969725, vstest.console.dll, AssemblyResolver.OnResolve: Microsoft.TestPlatform.Extensions.EventLogCollector: Loading assembly 'C:\Program Files\dotnet\sdk\8.0.306\Extensions\Microsoft.TestPlatform.Extensions.EventLogCollector.dll'.
TpTrace Information: 0 : 4080, 1, 2024/11/11, 19:35:19.608, 7178892977043, vstest.console.dll, AssemblyResolver.OnResolve: Resolved assembly: Microsoft.TestPlatform.Extensions.EventLogCollector, from path: C:\Program Files\dotnet\sdk\8.0.306\Extensions\Microsoft.TestPlatform.Extensions.EventLogCollector.dll
TpTrace Verbose: 0 : 4080, 1, 2024/11/11, 19:35:19.608, 7178892978250, vstest.console.dll, MetadataReaderExtensionsHelper: Discovering extensions inside assembly 'Microsoft.TestPlatform.Extensions.EventLogCollector, Version=15.0.0.0, Culture=neutral, PublicKeyToken=b03f5f7f11d50a3a' file path 'C:\Program Files\dotnet\sdk\8.0.306\Extensions\Microsoft.TestPlatform.Extensions.EventLogCollector.dll'
TpTrace Information: 0 : 4080, 1, 2024/11/11, 19:35:19.611, 7178893009379, vstest.console.dll, AssemblyResolver.OnResolve: Microsoft.TestPlatform.TestHostRuntimeProvider: Resolving assembly.
TpTrace Information: 0 : 4080, 1, 2024/11/11, 19:35:19.612, 7178893011703, vstest.console.dll, AssemblyResolver.OnResolve: Microsoft.TestPlatform.TestHostRuntimeProvider: Searching in: 'C:\Program Files\dotnet\sdk\8.0.306\Extensions'.
TpTrace Information: 0 : 4080, 1, 2024/11/11, 19:35:19.612, 7178893016323, vstest.console.dll, AssemblyResolver.OnResolve: Microsoft.TestPlatform.TestHostRuntimeProvider: Loading assembly 'C:\Program Files\dotnet\sdk\8.0.306\Extensions\Microsoft.TestPlatform.TestHostRuntimeProvider.dll'.
TpTrace Information: 0 : 4080, 1, 2024/11/11, 19:35:19.613, 7178893023403, vstest.console.dll, AssemblyResolver.OnResolve: Resolved assembly: Microsoft.TestPlatform.TestHostRuntimeProvider, from path: C:\Program Files\dotnet\sdk\8.0.306\Extensions\Microsoft.TestPlatform.TestHostRuntimeProvider.dll
TpTrace Verbose: 0 : 4080, 1, 2024/11/11, 19:35:19.613, 7178893024404, vstest.console.dll, MetadataReaderExtensionsHelper: Discovering extensions inside assembly 'Microsoft.TestPlatform.TestHostRuntimeProvider, Version=15.0.0.0, Culture=neutral, PublicKeyToken=b03f5f7f11d50a3a' file path 'C:\Program Files\dotnet\sdk\8.0.306\Extensions\Microsoft.TestPlatform.TestHostRuntimeProvider.dll'
TpTrace Information: 0 : 4080, 1, 2024/11/11, 19:35:19.615, 7178893050795, vstest.console.dll, GetTestExtensionFromType: Register extension with identifier data 'HostProvider://DefaultTestHost' and type 'Microsoft.VisualStudio.TestPlatform.CrossPlatEngine.Hosting.DefaultTestHostManager, Microsoft.TestPlatform.TestHostRuntimeProvider, Version=15.0.0.0, Culture=neutral, PublicKeyToken=b03f5f7f11d50a3a' inside file 'C:\Program Files\dotnet\sdk\8.0.306\Extensions\Microsoft.TestPlatform.TestHostRuntimeProvider.dll'
TpTrace Information: 0 : 4080, 1, 2024/11/11, 19:35:19.616, 7178893055466, vstest.console.dll, GetTestExtensionFromType: Register extension with identifier data 'HostProvider://DotnetTestHost' and type 'Microsoft.VisualStudio.TestPlatform.CrossPlatEngine.Hosting.DotnetTestHostManager, Microsoft.TestPlatform.TestHostRuntimeProvider, Version=15.0.0.0, Culture=neutral, PublicKeyToken=b03f5f7f11d50a3a' inside file 'C:\Program Files\dotnet\sdk\8.0.306\Extensions\Microsoft.TestPlatform.TestHostRuntimeProvider.dll'
TpTrace Information: 0 : 4080, 1, 2024/11/11, 19:35:19.616, 7178893056884, vstest.console.dll, AssemblyResolver.OnResolve: Microsoft.VisualStudio.TestPlatform.Extensions.Html.TestLogger: Resolving assembly.
TpTrace Information: 0 : 4080, 1, 2024/11/11, 19:35:19.616, 7178893057552, vstest.console.dll, AssemblyResolver.OnResolve: Microsoft.VisualStudio.TestPlatform.Extensions.Html.TestLogger: Searching in: 'C:\Program Files\dotnet\sdk\8.0.306\Extensions'.
TpTrace Information: 0 : 4080, 1, 2024/11/11, 19:35:19.617, 7178893062324, vstest.console.dll, AssemblyResolver.OnResolve: Microsoft.VisualStudio.TestPlatform.Extensions.Html.TestLogger: Loading assembly 'C:\Program Files\dotnet\sdk\8.0.306\Extensions\Microsoft.VisualStudio.TestPlatform.Extensions.Html.TestLogger.dll'.
TpTrace Information: 0 : 4080, 1, 2024/11/11, 19:35:19.617, 7178893070270, vstest.console.dll, AssemblyResolver.OnResolve: Resolved assembly: Microsoft.VisualStudio.TestPlatform.Extensions.Html.TestLogger, from path: C:\Program Files\dotnet\sdk\8.0.306\Extensions\Microsoft.VisualStudio.TestPlatform.Extensions.Html.TestLogger.dll
TpTrace Verbose: 0 : 4080, 1, 2024/11/11, 19:35:19.618, 7178893071607, vstest.console.dll, MetadataReaderExtensionsHelper: Discovering extensions inside assembly 'Microsoft.VisualStudio.TestPlatform.Extensions.Html.TestLogger, Version=15.0.0.0, Culture=neutral, PublicKeyToken=b03f5f7f11d50a3a' file path 'C:\Program Files\dotnet\sdk\8.0.306\Extensions\Microsoft.VisualStudio.TestPlatform.Extensions.Html.TestLogger.dll'
TpTrace Information: 0 : 4080, 1, 2024/11/11, 19:35:19.619, 7178893084239, vstest.console.dll, AssemblyResolver.OnResolve: Microsoft.VisualStudio.TestPlatform.Extensions.Trx.TestLogger: Resolving assembly.
TpTrace Information: 0 : 4080, 1, 2024/11/11, 19:35:19.619, 7178893085181, vstest.console.dll, AssemblyResolver.OnResolve: Microsoft.VisualStudio.TestPlatform.Extensions.Trx.TestLogger: Searching in: 'C:\Program Files\dotnet\sdk\8.0.306\Extensions'.
TpTrace Information: 0 : 4080, 1, 2024/11/11, 19:35:19.619, 7178893089500, vstest.console.dll, AssemblyResolver.OnResolve: Microsoft.VisualStudio.TestPlatform.Extensions.Trx.TestLogger: Loading assembly 'C:\Program Files\dotnet\sdk\8.0.306\Extensions\Microsoft.VisualStudio.TestPlatform.Extensions.Trx.TestLogger.dll'.
TpTrace Information: 0 : 4080, 1, 2024/11/11, 19:35:19.620, 7178893097085, vstest.console.dll, AssemblyResolver.OnResolve: Resolved assembly: Microsoft.VisualStudio.TestPlatform.Extensions.Trx.TestLogger, from path: C:\Program Files\dotnet\sdk\8.0.306\Extensions\Microsoft.VisualStudio.TestPlatform.Extensions.Trx.TestLogger.dll
TpTrace Verbose: 0 : 4080, 1, 2024/11/11, 19:35:19.620, 7178893098081, vstest.console.dll, MetadataReaderExtensionsHelper: Discovering extensions inside assembly 'Microsoft.VisualStudio.TestPlatform.Extensions.Trx.TestLogger, Version=15.0.0.0, Culture=neutral, PublicKeyToken=b03f5f7f11d50a3a' file path 'C:\Program Files\dotnet\sdk\8.0.306\Extensions\Microsoft.VisualStudio.TestPlatform.Extensions.Trx.TestLogger.dll'
TpTrace Verbose: 0 : 4080, 1, 2024/11/11, 19:35:19.622, 7178893112993, vstest.console.dll, TestPluginCache: Discovered the extensions using extension path ''.
TpTrace Verbose: 0 : 4080, 1, 2024/11/11, 19:35:19.622, 7178893114175, vstest.console.dll, TestPluginCache: Discoverers are ''.
TpTrace Verbose: 0 : 4080, 1, 2024/11/11, 19:35:19.622, 7178893114706, vstest.console.dll, TestPluginCache: Executors are ''.
TpTrace Verbose: 0 : 4080, 1, 2024/11/11, 19:35:19.622, 7178893115108, vstest.console.dll, TestPluginCache: Executors2 are ''.
TpTrace Verbose: 0 : 4080, 1, 2024/11/11, 19:35:19.622, 7178893115450, vstest.console.dll, TestPluginCache: Setting providers are ''.
TpTrace Verbose: 0 : 4080, 1, 2024/11/11, 19:35:19.622, 7178893115784, vstest.console.dll, TestPluginCache: Loggers are ''.
TpTrace Verbose: 0 : 4080, 1, 2024/11/11, 19:35:19.622, 7178893116972, vstest.console.dll, TestPluginCache: TestHosts are 'HostProvider://DefaultTestHost,HostProvider://DotnetTestHost'.
TpTrace Verbose: 0 : 4080, 1, 2024/11/11, 19:35:19.622, 7178893117456, vstest.console.dll, TestPluginCache: DataCollectors are ''.
TpTrace Information: 0 : 4080, 1, 2024/11/11, 19:35:19.641, 7178893302508, vstest.console.dll, RunTestsArgumentProcessor:Execute: Test run is starting.
TpTrace Verbose: 0 : 4080, 1, 2024/11/11, 19:35:19.641, 7178893303938, vstest.console.dll, RunTestsArgumentProcessor:Execute: Queuing Test run.
TpTrace Information: 0 : 4080, 1, 2024/11/11, 19:35:19.641, 7178893307284, vstest.console.dll, TestRequestManager.RunTests: run tests started.
TpTrace Information: 0 : 4080, 1, 2024/11/11, 19:35:19.644, 7178893340180, vstest.console.dll, AssemblyMetadataProvider.GetFrameworkName: Determined framework:'.NETCoreApp,Version=v8.0' for source: 'C:\Users\z004vj3s\Downloads\ProductManagementAPI\ProductManagementAPI\ProductManagementAPI.Tests\bin\Debug\net8.0\fine-code-coverage\build-output\ProductManagementAPI.Tests.dll'
TpTrace Information: 0 : 4080, 1, 2024/11/11, 19:35:19.645, 7178893345691, vstest.console.dll, Determined framework for all sources: .NETCoreApp,Version=v8.0
TpTrace Verbose: 0 : 4080, 1, 2024/11/11, 19:35:19.646, 7178893352161, vstest.console.dll, TestRequestManager.UpdateRunSettingsIfRequired: Default architecture: X64 IsDefaultTargetArchitecture: True, Current process architecture: X64 OperatingSystem: Windows.
TpTrace Information: 0 : 4080, 1, 2024/11/11, 19:35:19.656, 7178893461415, vstest.console.dll, AssemblyMetadataProvider.GetArchitecture: Determined architecture:AnyCPU info for assembly: C:\Users\z004vj3s\Downloads\ProductManagementAPI\ProductManagementAPI\ProductManagementAPI.Tests\bin\Debug\net8.0\fine-code-coverage\build-output\ProductManagementAPI.Tests.dll
TpTrace Information: 0 : 4080, 1, 2024/11/11, 19:35:19.657, 7178893462842, vstest.console.dll, Determined platform for source 'C:\Users\z004vj3s\Downloads\ProductManagementAPI\ProductManagementAPI\ProductManagementAPI.Tests\bin\Debug\net8.0\fine-code-coverage\build-output\ProductManagementAPI.Tests.dll' was AnyCPU and it will use the default plaform X64.
TpTrace Information: 0 : 4080, 1, 2024/11/11, 19:35:19.657, 7178893463297, vstest.console.dll, None of the sources provided any runnable platform, using the default platform: X64
TpTrace Information: 0 : 4080, 1, 2024/11/11, 19:35:19.657, 7178893464848, vstest.console.dll, Platform was updated to 'X64'.
TpTrace Information: 0 : 4080, 1, 2024/11/11, 19:35:19.665, 7178893544183, vstest.console.dll, InferRunSettingsHelper.IsTestSettingsEnabled: Unable to navigate to RunSettings/MSTest. Current node: RunSettings
TpTrace Information: 0 : 4080, 1, 2024/11/11, 19:35:19.666, 7178893560826, vstest.console.dll, AssemblyResolver.OnResolve: Microsoft.VisualStudio.TestPlatform.Fakes: Resolving assembly.
TpTrace Information: 0 : 4080, 1, 2024/11/11, 19:35:19.667, 7178893564369, vstest.console.dll, AssemblyResolver.OnResolve: Microsoft.VisualStudio.TestPlatform.Fakes: Searching in: 'C:\Program Files\dotnet\sdk\8.0.306\Extensions'.
TpTrace Information: 0 : 4080, 1, 2024/11/11, 19:35:19.667, 7178893565988, vstest.console.dll, AssemblyResolver.OnResolve: Microsoft.VisualStudio.TestPlatform.Fakes: Assembly path does not exist: 'C:\Program Files\dotnet\sdk\8.0.306\Extensions\Microsoft.VisualStudio.TestPlatform.Fakes.dll', returning.
TpTrace Information: 0 : 4080, 1, 2024/11/11, 19:35:19.667, 7178893567172, vstest.console.dll, AssemblyResolver.OnResolve: Microsoft.VisualStudio.TestPlatform.Fakes: Assembly path does not exist: 'C:\Program Files\dotnet\sdk\8.0.306\Extensions\Microsoft.VisualStudio.TestPlatform.Fakes.exe', returning.
TpTrace Information: 0 : 4080, 1, 2024/11/11, 19:35:19.667, 7178893567617, vstest.console.dll, AssemblyResolver.OnResolve: Microsoft.VisualStudio.TestPlatform.Fakes: Searching in: 'C:\Program Files\dotnet\sdk\8.0.306'.
TpTrace Information: 0 : 4080, 1, 2024/11/11, 19:35:19.667, 7178893569899, vstest.console.dll, AssemblyResolver.OnResolve: Microsoft.VisualStudio.TestPlatform.Fakes: Assembly path does not exist: 'C:\Program Files\dotnet\sdk\8.0.306\Microsoft.VisualStudio.TestPlatform.Fakes.dll', returning.
TpTrace Information: 0 : 4080, 1, 2024/11/11, 19:35:19.667, 7178893571404, vstest.console.dll, AssemblyResolver.OnResolve: Microsoft.VisualStudio.TestPlatform.Fakes: Assembly path does not exist: 'C:\Program Files\dotnet\sdk\8.0.306\Microsoft.VisualStudio.TestPlatform.Fakes.exe', returning.
TpTrace Information: 0 : 4080, 1, 2024/11/11, 19:35:19.668, 7178893572040, vstest.console.dll, AssemblyResolver.OnResolve: Microsoft.VisualStudio.TestPlatform.Fakes: Failed to load assembly.
TpTrace Information: 0 : 4080, 1, 2024/11/11, 19:35:19.668, 7178893576383, vstest.console.dll, Failed to load assembly Microsoft.VisualStudio.TestPlatform.Fakes, Version=17.0.0.0, Culture=neutral. Reason:System.IO.FileNotFoundException: Could not load file or assembly 'Microsoft.VisualStudio.TestPlatform.Fakes, Version=17.0.0.0, Culture=neutral, PublicKeyToken=null'. The system cannot find the file specified.
File name: 'Microsoft.VisualStudio.TestPlatform.Fakes, Version=17.0.0.0, Culture=neutral, PublicKeyToken=null'
   at System.Reflection.RuntimeAssembly.InternalLoad(AssemblyName assemblyName, StackCrawlMark& stackMark, AssemblyLoadContext assemblyLoadContext, RuntimeAssembly requestingAssembly, Boolean throwOnFileNotFound)
   at System.Reflection.Assembly.Load(AssemblyName assemblyRef)
   at Microsoft.VisualStudio.TestPlatform.Common.Utilities.FakesUtilities.LoadTestPlatformAssembly() in /_/src/Microsoft.TestPlatform.Common/Utilities/FakesUtilities.cs:line 272
TpTrace Verbose: 0 : 4080, 1, 2024/11/11, 19:35:19.674, 7178893633768, vstest.console.dll, TestPluginCache.DiscoverTestExtensions: finding test extensions in assemblies ends with: TestLogger.dll TPluginInfo: Microsoft.VisualStudio.TestPlatform.Common.ExtensionFramework.Utilities.TestLoggerPluginInformation TExtension: Microsoft.VisualStudio.TestPlatform.ObjectModel.Client.ITestLogger
TpTrace Verbose: 0 : 4080, 1, 2024/11/11, 19:35:19.674, 7178893635640, vstest.console.dll, TestPluginCache.GetExtensionPaths: Filtered extension paths: 
TpTrace Verbose: 0 : 4080, 1, 2024/11/11, 19:35:19.674, 7178893636436, vstest.console.dll, TestPluginCache.GetExtensionPaths: Added default extension paths: C:\Program Files\dotnet\sdk\8.0.306\Extensions\Microsoft.Diagnostics.NETCore.Client.dll
C:\Program Files\dotnet\sdk\8.0.306\Extensions\Microsoft.TestPlatform.Extensions.BlameDataCollector.dll
C:\Program Files\dotnet\sdk\8.0.306\Extensions\Microsoft.TestPlatform.Extensions.EventLogCollector.dll
C:\Program Files\dotnet\sdk\8.0.306\Extensions\Microsoft.TestPlatform.TestHostRuntimeProvider.dll
C:\Program Files\dotnet\sdk\8.0.306\Extensions\Microsoft.VisualStudio.TestPlatform.Extensions.Html.TestLogger.dll
C:\Program Files\dotnet\sdk\8.0.306\Extensions\Microsoft.VisualStudio.TestPlatform.Extensions.Trx.TestLogger.dll
TpTrace Verbose: 0 : 4080, 1, 2024/11/11, 19:35:19.674, 7178893636923, vstest.console.dll, TestPluginCache.GetExtensionPaths: Added unfilterableExtensionPaths: 
TpTrace Information: 0 : 4080, 1, 2024/11/11, 19:35:19.674, 7178893638909, vstest.console.dll, AssemblyResolver.AddSearchDirectories: Adding more searchDirectories C:\Program Files\dotnet\sdk\8.0.306\Extensions,C:\Program Files\dotnet\sdk\8.0.306
TpTrace Verbose: 0 : 4080, 1, 2024/11/11, 19:35:19.674, 7178893639742, vstest.console.dll, TestPluginCache.DiscoverTestExtensions: Discovering the extensions using extension path.
TpTrace Verbose: 0 : 4080, 1, 2024/11/11, 19:35:19.674, 7178893640238, vstest.console.dll, TestPluginCache.GetExtensionPaths: Filtered extension paths: 
TpTrace Verbose: 0 : 4080, 1, 2024/11/11, 19:35:19.674, 7178893640706, vstest.console.dll, TestPluginCache.GetExtensionPaths: Added default extension paths: C:\Program Files\dotnet\sdk\8.0.306\Extensions\Microsoft.Diagnostics.NETCore.Client.dll
C:\Program Files\dotnet\sdk\8.0.306\Extensions\Microsoft.TestPlatform.Extensions.BlameDataCollector.dll
C:\Program Files\dotnet\sdk\8.0.306\Extensions\Microsoft.TestPlatform.Extensions.EventLogCollector.dll
C:\Program Files\dotnet\sdk\8.0.306\Extensions\Microsoft.TestPlatform.TestHostRuntimeProvider.dll
C:\Program Files\dotnet\sdk\8.0.306\Extensions\Microsoft.VisualStudio.TestPlatform.Extensions.Html.TestLogger.dll
C:\Program Files\dotnet\sdk\8.0.306\Extensions\Microsoft.VisualStudio.TestPlatform.Extensions.Trx.TestLogger.dll
TpTrace Verbose: 0 : 4080, 1, 2024/11/11, 19:35:19.674, 7178893641115, vstest.console.dll, TestPluginCache.GetExtensionPaths: Added unfilterableExtensionPaths: 
TpTrace Verbose: 0 : 4080, 1, 2024/11/11, 19:35:19.675, 7178893641567, vstest.console.dll, TestPluginCache.DiscoverTestExtensions: Discovering the extensions using allExtensionPaths: C:\Program Files\dotnet\sdk\8.0.306\Extensions\Microsoft.Diagnostics.NETCore.Client.dll
C:\Program Files\dotnet\sdk\8.0.306\Extensions\Microsoft.TestPlatform.Extensions.BlameDataCollector.dll
C:\Program Files\dotnet\sdk\8.0.306\Extensions\Microsoft.TestPlatform.Extensions.EventLogCollector.dll
C:\Program Files\dotnet\sdk\8.0.306\Extensions\Microsoft.TestPlatform.TestHostRuntimeProvider.dll
C:\Program Files\dotnet\sdk\8.0.306\Extensions\Microsoft.VisualStudio.TestPlatform.Extensions.Html.TestLogger.dll
C:\Program Files\dotnet\sdk\8.0.306\Extensions\Microsoft.VisualStudio.TestPlatform.Extensions.Trx.TestLogger.dll
TpTrace Information: 0 : 4080, 1, 2024/11/11, 19:35:19.675, 7178893642893, vstest.console.dll, AssemblyResolver.AddSearchDirectories: Adding more searchDirectories C:\Program Files\dotnet\sdk\8.0.306\Extensions,C:\Program Files\dotnet\sdk\8.0.306
TpTrace Information: 0 : 4080, 1, 2024/11/11, 19:35:19.675, 7178893643512, vstest.console.dll, AssemblyResolver.AddSearchDirectories: Adding more searchDirectories C:\Program Files\dotnet\sdk\8.0.306\Extensions,C:\Program Files\dotnet\sdk\8.0.306
TpTrace Information: 0 : 4080, 1, 2024/11/11, 19:35:19.675, 7178893643968, vstest.console.dll, AssemblyResolver.AddSearchDirectories: Adding more searchDirectories C:\Program Files\dotnet\sdk\8.0.306\Extensions,C:\Program Files\dotnet\sdk\8.0.306
TpTrace Information: 0 : 4080, 1, 2024/11/11, 19:35:19.675, 7178893644398, vstest.console.dll, AssemblyResolver.AddSearchDirectories: Adding more searchDirectories C:\Program Files\dotnet\sdk\8.0.306\Extensions,C:\Program Files\dotnet\sdk\8.0.306
TpTrace Information: 0 : 4080, 1, 2024/11/11, 19:35:19.675, 7178893644823, vstest.console.dll, AssemblyResolver.AddSearchDirectories: Adding more searchDirectories C:\Program Files\dotnet\sdk\8.0.306\Extensions,C:\Program Files\dotnet\sdk\8.0.306
TpTrace Information: 0 : 4080, 1, 2024/11/11, 19:35:19.675, 7178893645293, vstest.console.dll, AssemblyResolver.AddSearchDirectories: Adding more searchDirectories C:\Program Files\dotnet\sdk\8.0.306\Extensions,C:\Program Files\dotnet\sdk\8.0.306
TpTrace Verbose: 0 : 4080, 1, 2024/11/11, 19:35:19.675, 7178893647362, vstest.console.dll, MetadataReaderExtensionsHelper: Discovering extensions inside assembly 'Microsoft.Diagnostics.NETCore.Client, Version=0.2.10.15101, Culture=neutral, PublicKeyToken=31bf3856ad364e35' file path 'C:\Program Files\dotnet\sdk\8.0.306\Extensions\Microsoft.Diagnostics.NETCore.Client.dll'
TpTrace Information: 0 : 4080, 1, 2024/11/11, 19:35:19.686, 7178893761076, vstest.console.dll, AssemblyResolver.OnResolve: Microsoft.Bcl.AsyncInterfaces: Resolving assembly.
TpTrace Information: 0 : 4080, 1, 2024/11/11, 19:35:19.687, 7178893762821, vstest.console.dll, AssemblyResolver.OnResolve: Microsoft.Bcl.AsyncInterfaces: Resolved from cache.
TpTrace Verbose: 0 : 4080, 1, 2024/11/11, 19:35:19.687, 7178893763381, vstest.console.dll, CurrentDomainAssemblyResolve: Resolving assembly 'Microsoft.Bcl.AsyncInterfaces'.
TpTrace Information: 0 : 4080, 1, 2024/11/11, 19:35:19.687, 7178893765511, vstest.console.dll, AssemblyResolver.OnResolve: Microsoft.Bcl.AsyncInterfaces: Resolving assembly.
TpTrace Information: 0 : 4080, 1, 2024/11/11, 19:35:19.687, 7178893766390, vstest.console.dll, AssemblyResolver.OnResolve: Microsoft.Bcl.AsyncInterfaces: Resolved from cache.
TpTrace Verbose: 0 : 4080, 1, 2024/11/11, 19:35:19.687, 7178893766823, vstest.console.dll, CurrentDomainAssemblyResolve: Resolving assembly 'Microsoft.Bcl.AsyncInterfaces'.
TpTrace Verbose: 0 : 4080, 1, 2024/11/11, 19:35:19.687, 7178893767146, vstest.console.dll, CurrentDomainAssemblyResolve: Failed to resolve assembly 'Microsoft.Bcl.AsyncInterfaces'.
TpTrace Verbose: 0 : 4080, 1, 2024/11/11, 19:35:19.687, 7178893769527, vstest.console.dll, CurrentDomainAssemblyResolve: Failed to resolve assembly 'Microsoft.Bcl.AsyncInterfaces'.
TpTrace Warning: 0 : 4080, 1, 2024/11/11, 19:35:19.688, 7178893775546, vstest.console.dll, TestPluginDiscoverer: Failed to get types from assembly 'Microsoft.Diagnostics.NETCore.Client, Version=0.2.10.15101, Culture=neutral, PublicKeyToken=31bf3856ad364e35'. Error: System.Reflection.ReflectionTypeLoadException: Unable to load one or more of the requested types.
Could not load file or assembly 'Microsoft.Bcl.AsyncInterfaces, Version=6.0.0.0, Culture=neutral, PublicKeyToken=cc7b13ffcd2ddd51'. The system cannot find the file specified.
   at System.Reflection.RuntimeModule.GetTypes(RuntimeModule module)
   at System.Reflection.RuntimeModule.GetTypes()
   at Microsoft.VisualStudio.TestPlatform.Common.ExtensionFramework.TestPluginDiscoverer.GetTestExtensionsFromAssembly[TPluginInfo,TExtension](Assembly assembly, Dictionary`2 pluginInfos, String filePath) in /_/src/Microsoft.TestPlatform.Common/ExtensionFramework/TestPluginDiscoverer.cs:line 158
System.IO.FileNotFoundException: Could not load file or assembly 'Microsoft.Bcl.AsyncInterfaces, Version=6.0.0.0, Culture=neutral, PublicKeyToken=cc7b13ffcd2ddd51'. The system cannot find the file specified.
File name: 'Microsoft.Bcl.AsyncInterfaces, Version=6.0.0.0, Culture=neutral, PublicKeyToken=cc7b13ffcd2ddd51'
 ---> System.IO.FileNotFoundException: Could not load file or assembly 'Microsoft.Bcl.AsyncInterfaces, Culture=neutral, PublicKeyToken=null'. The system cannot find the file specified.
File name: 'Microsoft.Bcl.AsyncInterfaces, Culture=neutral, PublicKeyToken=null'
   at System.Reflection.RuntimeAssembly.InternalLoad(AssemblyName assemblyName, StackCrawlMark& stackMark, AssemblyLoadContext assemblyLoadContext, RuntimeAssembly requestingAssembly, Boolean throwOnFileNotFound)
   at System.Reflection.Assembly.Load(AssemblyName assemblyRef)
   at Microsoft.VisualStudio.TestPlatform.Common.ExtensionFramework.TestPluginCache.CurrentDomainAssemblyResolve(Object sender, AssemblyResolveEventArgs args) in /_/src/Microsoft.TestPlatform.Common/ExtensionFramework/TestPluginCache.cs:line 513
   at System.Runtime.Loader.AssemblyLoadContext.GetFirstResolvedAssemblyFromResolvingEvent(AssemblyName assemblyName)
   at System.Runtime.Loader.AssemblyLoadContext.ResolveUsingEvent(AssemblyName assemblyName)
   at System.Runtime.Loader.AssemblyLoadContext.ResolveUsingResolvingEvent(IntPtr gchManagedAssemblyLoadContext, AssemblyName assemblyName)
TpTrace Warning: 0 : 4080, 1, 2024/11/11, 19:35:19.688, 7178893779000, vstest.console.dll, LoaderExceptions: System.IO.FileNotFoundException: Could not load file or assembly 'Microsoft.Bcl.AsyncInterfaces, Version=6.0.0.0, Culture=neutral, PublicKeyToken=cc7b13ffcd2ddd51'. The system cannot find the file specified.
File name: 'Microsoft.Bcl.AsyncInterfaces, Version=6.0.0.0, Culture=neutral, PublicKeyToken=cc7b13ffcd2ddd51'
 ---> System.IO.FileNotFoundException: Could not load file or assembly 'Microsoft.Bcl.AsyncInterfaces, Culture=neutral, PublicKeyToken=null'. The system cannot find the file specified.
File name: 'Microsoft.Bcl.AsyncInterfaces, Culture=neutral, PublicKeyToken=null'
   at System.Reflection.RuntimeAssembly.InternalLoad(AssemblyName assemblyName, StackCrawlMark& stackMark, AssemblyLoadContext assemblyLoadContext, RuntimeAssembly requestingAssembly, Boolean throwOnFileNotFound)
   at System.Reflection.Assembly.Load(AssemblyName assemblyRef)
   at Microsoft.VisualStudio.TestPlatform.Common.ExtensionFramework.TestPluginCache.CurrentDomainAssemblyResolve(Object sender, AssemblyResolveEventArgs args) in /_/src/Microsoft.TestPlatform.Common/ExtensionFramework/TestPluginCache.cs:line 513
   at System.Runtime.Loader.AssemblyLoadContext.GetFirstResolvedAssemblyFromResolvingEvent(AssemblyName assemblyName)
   at System.Runtime.Loader.AssemblyLoadContext.ResolveUsingEvent(AssemblyName assemblyName)
   at System.Runtime.Loader.AssemblyLoadContext.ResolveUsingResolvingEvent(IntPtr gchManagedAssemblyLoadContext, AssemblyName assemblyName)
TpTrace Verbose: 0 : 4080, 1, 2024/11/11, 19:35:19.688, 7178893780476, vstest.console.dll, MetadataReaderExtensionsHelper: Discovering extensions inside assembly 'Microsoft.TestPlatform.Extensions.BlameDataCollector, Version=15.0.0.0, Culture=neutral, PublicKeyToken=b03f5f7f11d50a3a' file path 'C:\Program Files\dotnet\sdk\8.0.306\Extensions\Microsoft.TestPlatform.Extensions.BlameDataCollector.dll'
TpTrace Information: 0 : 4080, 1, 2024/11/11, 19:35:19.689, 7178893788720, vstest.console.dll, GetTestExtensionFromType: Register extension with identifier data 'logger://Microsoft/TestPlatform/Extensions/Blame/v1' and type 'Microsoft.TestPlatform.Extensions.BlameDataCollector.BlameLogger, Microsoft.TestPlatform.Extensions.BlameDataCollector, Version=15.0.0.0, Culture=neutral, PublicKeyToken=b03f5f7f11d50a3a' inside file 'C:\Program Files\dotnet\sdk\8.0.306\Extensions\Microsoft.TestPlatform.Extensions.BlameDataCollector.dll'
TpTrace Verbose: 0 : 4080, 1, 2024/11/11, 19:35:19.689, 7178893789784, vstest.console.dll, MetadataReaderExtensionsHelper: Discovering extensions inside assembly 'Microsoft.TestPlatform.Extensions.EventLogCollector, Version=15.0.0.0, Culture=neutral, PublicKeyToken=b03f5f7f11d50a3a' file path 'C:\Program Files\dotnet\sdk\8.0.306\Extensions\Microsoft.TestPlatform.Extensions.EventLogCollector.dll'
TpTrace Verbose: 0 : 4080, 1, 2024/11/11, 19:35:19.690, 7178893794727, vstest.console.dll, MetadataReaderExtensionsHelper: Discovering extensions inside assembly 'Microsoft.TestPlatform.TestHostRuntimeProvider, Version=15.0.0.0, Culture=neutral, PublicKeyToken=b03f5f7f11d50a3a' file path 'C:\Program Files\dotnet\sdk\8.0.306\Extensions\Microsoft.TestPlatform.TestHostRuntimeProvider.dll'
TpTrace Verbose: 0 : 4080, 1, 2024/11/11, 19:35:19.690, 7178893799455, vstest.console.dll, MetadataReaderExtensionsHelper: Discovering extensions inside assembly 'Microsoft.VisualStudio.TestPlatform.Extensions.Html.TestLogger, Version=15.0.0.0, Culture=neutral, PublicKeyToken=b03f5f7f11d50a3a' file path 'C:\Program Files\dotnet\sdk\8.0.306\Extensions\Microsoft.VisualStudio.TestPlatform.Extensions.Html.TestLogger.dll'
TpTrace Information: 0 : 4080, 1, 2024/11/11, 19:35:19.691, 7178893808457, vstest.console.dll, GetTestExtensionFromType: Register extension with identifier data 'logger://Microsoft/TestPlatform/HtmlLogger/v1' and type 'Microsoft.VisualStudio.TestPlatform.Extensions.HtmlLogger.HtmlLogger, Microsoft.VisualStudio.TestPlatform.Extensions.Html.TestLogger, Version=15.0.0.0, Culture=neutral, PublicKeyToken=b03f5f7f11d50a3a' inside file 'C:\Program Files\dotnet\sdk\8.0.306\Extensions\Microsoft.VisualStudio.TestPlatform.Extensions.Html.TestLogger.dll'
TpTrace Verbose: 0 : 4080, 1, 2024/11/11, 19:35:19.691, 7178893809426, vstest.console.dll, MetadataReaderExtensionsHelper: Discovering extensions inside assembly 'Microsoft.VisualStudio.TestPlatform.Extensions.Trx.TestLogger, Version=15.0.0.0, Culture=neutral, PublicKeyToken=b03f5f7f11d50a3a' file path 'C:\Program Files\dotnet\sdk\8.0.306\Extensions\Microsoft.VisualStudio.TestPlatform.Extensions.Trx.TestLogger.dll'
TpTrace Information: 0 : 4080, 1, 2024/11/11, 19:35:19.692, 7178893815052, vstest.console.dll, GetTestExtensionFromType: Register extension with identifier data 'logger://Microsoft/TestPlatform/TrxLogger/v1' and type 'Microsoft.VisualStudio.TestPlatform.Extensions.TrxLogger.TrxLogger, Microsoft.VisualStudio.TestPlatform.Extensions.Trx.TestLogger, Version=15.0.0.0, Culture=neutral, PublicKeyToken=b03f5f7f11d50a3a' inside file 'C:\Program Files\dotnet\sdk\8.0.306\Extensions\Microsoft.VisualStudio.TestPlatform.Extensions.Trx.TestLogger.dll'
TpTrace Verbose: 0 : 4080, 1, 2024/11/11, 19:35:19.692, 7178893816235, vstest.console.dll, TestPluginCache: Discovered the extensions using extension path ''.
TpTrace Verbose: 0 : 4080, 1, 2024/11/11, 19:35:19.692, 7178893816837, vstest.console.dll, TestPluginCache: Discoverers are ''.
TpTrace Verbose: 0 : 4080, 1, 2024/11/11, 19:35:19.692, 7178893817205, vstest.console.dll, TestPluginCache: Executors are ''.
TpTrace Verbose: 0 : 4080, 1, 2024/11/11, 19:35:19.692, 7178893817556, vstest.console.dll, TestPluginCache: Executors2 are ''.
TpTrace Verbose: 0 : 4080, 1, 2024/11/11, 19:35:19.692, 7178893817914, vstest.console.dll, TestPluginCache: Setting providers are ''.
TpTrace Verbose: 0 : 4080, 1, 2024/11/11, 19:35:19.692, 7178893819558, vstest.console.dll, TestPluginCache: Loggers are 'logger://Microsoft/TestPlatform/Extensions/Blame/v1,logger://Microsoft/TestPlatform/HtmlLogger/v1,logger://Microsoft/TestPlatform/TrxLogger/v1'.
TpTrace Verbose: 0 : 4080, 1, 2024/11/11, 19:35:19.692, 7178893820158, vstest.console.dll, TestPluginCache: TestHosts are 'HostProvider://DefaultTestHost,HostProvider://DotnetTestHost'.
TpTrace Verbose: 0 : 4080, 1, 2024/11/11, 19:35:19.692, 7178893820605, vstest.console.dll, TestPluginCache: DataCollectors are ''.
TpTrace Information: 0 : 4080, 1, 2024/11/11, 19:35:19.696, 7178893851970, vstest.console.dll, TestPluginManager.CreateTestExtension: Attempting to load test extension: Microsoft.TestPlatform.Extensions.BlameDataCollector.BlameLogger
TpTrace Verbose: 0 : 4080, 1, 2024/11/11, 19:35:19.717, 7178894065667, vstest.console.dll, TestEngine: Initializing Parallel Execution as MaxCpuCount is set to: 1
TpTrace Information: 0 : 4080, 1, 2024/11/11, 19:35:19.720, 7178894097143, vstest.console.dll, TestPluginManager.CreateTestExtension: Attempting to load test extension: Microsoft.VisualStudio.TestPlatform.CrossPlatEngine.Hosting.DefaultTestHostManager
TpTrace Information: 0 : 4080, 1, 2024/11/11, 19:35:19.722, 7178894112595, vstest.console.dll, TestPluginManager.CreateTestExtension: Attempting to load test extension: Microsoft.VisualStudio.TestPlatform.CrossPlatEngine.Hosting.DotnetTestHostManager
TpTrace Information: 0 : 4080, 1, 2024/11/11, 19:35:19.723, 7178894124007, vstest.console.dll, InferRunSettingsHelper.IsTestSettingsEnabled: Unable to navigate to RunSettings/MSTest. Current node: RunSettings
TpTrace Verbose: 0 : 4080, 1, 2024/11/11, 19:35:19.725, 7178894144610, vstest.console.dll, ParallelOperationManager.ClearSlots: Clearing all slots. Slots should accept more work: True
TpTrace Verbose: 0 : 4080, 1, 2024/11/11, 19:35:19.726, 7178894159091, vstest.console.dll, ParallelOperationManager.SetOccupiedSlotCount: Setting slot counts AvailableSlotCount = 1, OccupiedSlotCount = 0.
TpTrace Verbose: 0 : 4080, 1, 2024/11/11, 19:35:19.727, 7178894166911, vstest.console.dll, Occupied slots:

TpTrace Verbose: 0 : 4080, 1, 2024/11/11, 19:35:19.733, 7178894225018, vstest.console.dll, TestEngine.GetExecutionManager: Chosen execution manager 'Microsoft.VisualStudio.TestPlatform.CrossPlatEngine.Client.Parallel.ParallelProxyExecutionManager, Microsoft.TestPlatform.CrossPlatEngine, Version=15.0.0.0, Culture=neutral, PublicKeyToken=b03f5f7f11d50a3a' ParallelLevel '1'.
TpTrace Verbose: 0 : 4080, 1, 2024/11/11, 19:35:19.733, 7178894227929, vstest.console.dll, TestRunRequest.ExecuteAsync: Creating test run request.
TpTrace Verbose: 0 : 4080, 1, 2024/11/11, 19:35:19.734, 7178894232896, vstest.console.dll, TestRunRequest.ExecuteAsync: Starting.
TpTrace Information: 0 : 4080, 1, 2024/11/11, 19:35:19.736, 7178894257299, vstest.console.dll, TestRunRequest.ExecuteAsync: Starting run with settings:TestRunCriteria:
   KeepAlive=False,FrequencyOfRunStatsChangeEvent=10,RunStatsChangeEventTimeout=00:00:01.5000000,TestCaseFilter=,TestExecutorLauncher=
   Settingsxml=<RunSettings>
  <RunConfiguration>
    <ResultsDirectory>C:\Users\z004vj3s\Downloads\ProductManagementAPI\ProductManagementAPI\ProductManagementAPI.Tests\bin\Debug\net8.0\fine-code-coverage\coverage-tool-output</ResultsDirectory>
    <TargetPlatform>X64</TargetPlatform>
    <TargetFrameworkVersion>.NETCoreApp,Version=v8.0</TargetFrameworkVersion>
    <DesignMode>False</DesignMode>
    <CollectSourceInformation>False</CollectSourceInformation>
  </RunConfiguration>
  <LoggerRunSettings>
    <Loggers>
      <Logger friendlyName="blame" enabled="True" />
      <Logger friendlyName="Console" uri="logger://microsoft/TestPlatform/ConsoleLogger/v1" assemblyQualifiedName="Microsoft.VisualStudio.TestPlatform.CommandLine.Internal.ConsoleLogger, vstest.console, Version=15.0.0.0, Culture=neutral, PublicKeyToken=b03f5f7f11d50a3a" codeBase="C:\Program Files\dotnet\sdk\8.0.306\vstest.console.dll" enabled="True" />
    </Loggers>
  </LoggerRunSettings>
  <DataCollectionRunSettings>
    <DataCollectors>
      <DataCollector friendlyName="blame" enabled="True">
        <Configuration>
          <ResultsDirectory>C:\Users\z004vj3s\Downloads\ProductManagementAPI\ProductManagementAPI\ProductManagementAPI.Tests\bin\Debug\net8.0\fine-code-coverage\coverage-tool-output</ResultsDirectory>
        </Configuration>
      </DataCollector>
    </DataCollectors>
  </DataCollectionRunSettings>
</RunSettings>

TpTrace Verbose: 0 : 4080, 1, 2024/11/11, 19:35:19.736, 7178894259818, vstest.console.dll, TestRunRequest.ExecuteAsync: Wait for the first run request is over.
TpTrace Verbose: 0 : 4080, 1, 2024/11/11, 19:35:19.737, 7178894265485, vstest.console.dll, MulticastDelegateUtilities.SafeInvoke: TestRun.TestRunStart: Invoking callbacks was skipped because there are no subscribers.
TpTrace Verbose: 0 : 4080, 1, 2024/11/11, 19:35:19.739, 7178894282755, vstest.console.dll, ParallelProxyExecutionManager: Start execution. Total sources: 1
TpTrace Verbose: 0 : 4080, 1, 2024/11/11, 19:35:19.739, 7178894289716, vstest.console.dll, ParallelOperationManager.StartWork: Starting adding 1 workloads.
TpTrace Verbose: 0 : 4080, 1, 2024/11/11, 19:35:19.740, 7178894291573, vstest.console.dll, ParallelOperationManager.ClearSlots: Clearing all slots. Slots should accept more work: True
TpTrace Verbose: 0 : 4080, 1, 2024/11/11, 19:35:19.740, 7178894292871, vstest.console.dll, ParallelOperationManager.SetOccupiedSlotCount: Setting slot counts AvailableSlotCount = 1, OccupiedSlotCount = 0.
TpTrace Verbose: 0 : 4080, 1, 2024/11/11, 19:35:19.741, 7178894302300, vstest.console.dll, Occupied slots:

TpTrace Verbose: 0 : 4080, 1, 2024/11/11, 19:35:19.744, 7178894333146, vstest.console.dll, TestRequestSender is acting as server.
TpTrace Verbose: 0 : 4080, 4, 2024/11/11, 19:35:19.745, 7178894345189, vstest.console.dll, MulticastDelegateUtilities.SafeInvoke: InternalTestLoggerEvents.SendTestRunStart: Invoking callback 1/1 for Microsoft.VisualStudio.TestPlatform.CommandLine.Internal.ConsoleLogger., took 3 ms.
TpTrace Verbose: 0 : 4080, 1, 2024/11/11, 19:35:19.746, 7178894351758, vstest.console.dll, ParallelOperationManager.RunWorkInParallel: Adding 1 workload to slot, remaining workloads 0.
TpTrace Verbose: 0 : 4080, 1, 2024/11/11, 19:35:19.746, 7178894353059, vstest.console.dll, ParallelOperationManager.SetOccupiedSlotCount: Setting slot counts AvailableSlotCount = 0, OccupiedSlotCount = 1.
TpTrace Verbose: 0 : 4080, 1, 2024/11/11, 19:35:19.746, 7178894354842, vstest.console.dll, Occupied slots:
0: C:\Users\z004vj3s\Downloads\ProductManagementAPI\ProductManagementAPI\ProductManagementAPI.Tests\bin\Debug\net8.0\fine-code-coverage\build-output\ProductManagementAPI.Tests.dll
TpTrace Verbose: 0 : 4080, 1, 2024/11/11, 19:35:19.748, 7178894372208, vstest.console.dll, ParallelOperationManager.RunWorkInParallel: Started host in slot number 0 for work (source): C:\Users\z004vj3s\Downloads\ProductManagementAPI\ProductManagementAPI\ProductManagementAPI.Tests\bin\Debug\net8.0\fine-code-coverage\build-output\ProductManagementAPI.Tests.dll.
TpTrace Verbose: 0 : 4080, 5, 2024/11/11, 19:35:19.750, 7178894395126, vstest.console.dll, ParallelProxyExecutionManager.StartTestRunOnConcurrentManager: Initializing uninitialized client. Started clients: 0
TpTrace Verbose: 0 : 4080, 5, 2024/11/11, 19:35:19.750, 7178894397701, vstest.console.dll, DataCollectionRequestSender.InitializeCommunication : Initialize communication. 
TpTrace Verbose: 0 : 4080, 1, 2024/11/11, 19:35:19.755, 7178894442580, vstest.console.dll, ParallelOperationManager.RunWorkInParallel: We started 1 work items, which is the max parallel level. Won't start more work.
TpTrace Verbose: 0 : 4080, 1, 2024/11/11, 19:35:19.755, 7178894444311, vstest.console.dll, ParallelOperationManager.RunWorkInParallel: We started 1 work items in here, returning True.
TpTrace Information: 0 : 4080, 1, 2024/11/11, 19:35:19.755, 7178894444932, vstest.console.dll, TestRunRequest.ExecuteAsync: Started.
TpTrace Verbose: 0 : 4080, 1, 2024/11/11, 19:35:19.760, 7178894495301, vstest.console.dll, TestRunRequest.WaitForCompletion: Waiting with timeout -1.
TpTrace Information: 0 : 4080, 5, 2024/11/11, 19:35:19.766, 7178894554410, vstest.console.dll, Listening on Endpoint : 127.0.0.1:56396
TpTrace Verbose: 0 : 4080, 5, 2024/11/11, 19:35:19.777, 7178894667523, vstest.console.dll, DotnetDataCollectionLauncher: Adding  --runtimeconfig "C:\Program Files\dotnet\sdk\8.0.306\datacollector.runtimeconfig.json" in args
TpTrace Verbose: 0 : 4080, 5, 2024/11/11, 19:35:19.777, 7178894670785, vstest.console.dll, DotnetDataCollectionLauncher: Adding  --depsfile "C:\Program Files\dotnet\sdk\8.0.306\datacollector.deps.json" in args
TpTrace Verbose: 0 : 4080, 5, 2024/11/11, 19:35:19.778, 7178894679103, vstest.console.dll, DotnetDataCollectionLauncher: Full path of dotnet.exe is C:\Program Files\dotnet\dotnet.exe
TpTrace Information: 0 : 4080, 5, 2024/11/11, 19:35:19.827, 7178895170568, vstest.console.dll, ProxyDataCollectionManager.Initialize: Launched datacollector processId: 25576 port: 56396
TpTrace Information: 0 : 4080, 5, 2024/11/11, 19:35:19.828, 7178895172763, vstest.console.dll, ProxyDataCollectionManager.Initialize: waiting for connection with timeout: 90 seconds
TpTrace Verbose: 0 : 4080, 5, 2024/11/11, 19:35:19.828, 7178895173634, vstest.console.dll, DataCollectionRequestSender.WaitForRequestHandlerConnection : Waiting for connection with timeout: 90000
TpTrace Information: 0 : 4080, 11, 2024/11/11, 19:35:20.239, 7178899290967, vstest.console.dll, Using the buffer size of 16384 bytes
TpTrace Verbose: 0 : 4080, 5, 2024/11/11, 19:35:20.239, 7178899291137, vstest.console.dll, SocketCommunicationManager.WaitForClientConnection took: 411 ms, with 90000 ms timeout, and finished with True.
TpTrace Information: 0 : 4080, 11, 2024/11/11, 19:35:20.240, 7178899294277, vstest.console.dll, Accepted Client request and set the flag
TpTrace Verbose: 0 : 4080, 5, 2024/11/11, 19:35:20.240, 7178899294884, vstest.console.dll, ProxyDataCollectionManager.InvokeDataCollectionServiceAction: Starting.
TpTrace Information: 0 : 4080, 5, 2024/11/11, 19:35:20.240, 7178899296979, vstest.console.dll, ProxyDataCollectionManager.BeforeTestRunStart: Get environment variable and port for datacollector processId: 25576 port: 56396
TpTrace Verbose: 0 : 4080, 5, 2024/11/11, 19:35:20.240, 7178899298978, vstest.console.dll, DataCollectionRequestSender.SendBeforeTestRunStartAndGetResult: Send BeforeTestRunStart message with settingsXml <RunSettings><RunConfiguration><ResultsDirectory>C:\Users\z004vj3s\Downloads\ProductManagementAPI\ProductManagementAPI\ProductManagementAPI.Tests\bin\Debug\net8.0\fine-code-coverage\coverage-tool-output</ResultsDirectory><TargetPlatform>X64</TargetPlatform><TargetFrameworkVersion>.NETCoreApp,Version=v8.0</TargetFrameworkVersion><DesignMode>False</DesignMode><CollectSourceInformation>False</CollectSourceInformation><TestAdaptersPaths>C:\Program Files\dotnet\sdk\8.0.306\Extensions</TestAdaptersPaths></RunConfiguration><LoggerRunSettings><Loggers><Logger friendlyName="blame" enabled="True" /><Logger friendlyName="Console" uri="logger://microsoft/TestPlatform/ConsoleLogger/v1" assemblyQualifiedName="Microsoft.VisualStudio.TestPlatform.CommandLine.Internal.ConsoleLogger, vstest.console, Version=15.0.0.0, Culture=neutral, PublicKeyToken=b03f5f7f11d50a3a" codeBase="C:\Program Files\dotnet\sdk\8.0.306\vstest.console.dll" enabled="True" /></Loggers></LoggerRunSettings><DataCollectionRunSettings><DataCollectors><DataCollector friendlyName="blame" enabled="True"><Configuration><ResultsDirectory>C:\Users\z004vj3s\Downloads\ProductManagementAPI\ProductManagementAPI\ProductManagementAPI.Tests\bin\Debug\net8.0\fine-code-coverage\coverage-tool-output</ResultsDirectory></Configuration></DataCollector></DataCollectors></DataCollectionRunSettings></RunSettings> and sources System.Collections.Generic.List`1[System.String]: 
TpTrace Verbose: 0 : 4080, 5, 2024/11/11, 19:35:20.338, 7178900279862, vstest.console.dll, DataCollectionRequestSender.SendBeforeTestRunStartAndGetResult: Received message: (DataCollection.SendMessage) -> {"MessageType":"DataCollection.SendMessage","Payload":{"FriendlyName":null,"Uri":null,"TestCaseId":"00000000-0000-0000-0000-000000000000","Message":"Logging DataCollector Diagnostics in file: C:\\Users\\z004vj3s\\Downloads\\ProductManagementAPI\\ProductManagementAPI\\ProductManagementAPI.Tests\\bin\\Debug\\net8.0\\fine-code-coverage\\coverage-tool-output\\diagnostics.datacollector.24-11-11_19-35-19_77625_5.log","Level":0}}
TpTrace Verbose: 0 : 4080, 5, 2024/11/11, 19:35:20.477, 7178901667903, vstest.console.dll, DataCollectionRequestSender.SendBeforeTestRunStartAndGetResult: Received message: (DataCollection.BeforeTestRunStartResult) -> {"MessageType":"DataCollection.BeforeTestRunStartResult","Payload":{"EnvironmentVariables":{},"DataCollectionEventsPort":56400}}
TpTrace Information: 0 : 4080, 5, 2024/11/11, 19:35:20.484, 7178901739552, vstest.console.dll, ProxyDataCollectionManager.BeforeTestRunStart: SendBeforeTestRunStartAndGetResult successful, env variable from datacollector:   and testhost port: 56400
TpTrace Information: 0 : 4080, 5, 2024/11/11, 19:35:20.485, 7178901741591, vstest.console.dll, ProxyDataCollectionManager.InvokeDataCollectionServiceAction: Completed.
TpTrace Verbose: 0 : 4080, 5, 2024/11/11, 19:35:20.485, 7178901742254, vstest.console.dll, ParallelProxyExecutionManager.StartTestRunOnConcurrentManager: Initializing test run. Started clients: 0
TpTrace Verbose: 0 : 4080, 5, 2024/11/11, 19:35:20.485, 7178901743684, vstest.console.dll, ProxyExecutionManager: Test host is always Lazy initialize.
TpTrace Verbose: 0 : 4080, 5, 2024/11/11, 19:35:20.485, 7178901747049, vstest.console.dll, TestRequestSender.InitializeCommunication: initialize communication. 
TpTrace Information: 0 : 4080, 5, 2024/11/11, 19:35:20.486, 7178901754980, vstest.console.dll, SocketServer.Start: Listening on endpoint : 127.0.0.1:56401
TpTrace Verbose: 0 : 4080, 5, 2024/11/11, 19:35:20.487, 7178901767237, vstest.console.dll, DotnetTestHostmanager.GetTestHostProcessStartInfo: Platform environment 'X64' target architecture 'X64' framework '.NETCoreApp,Version=v8.0' OS 'Windows'
TpTrace Verbose: 0 : 4080, 5, 2024/11/11, 19:35:20.488, 7178901771709, vstest.console.dll, DotnetTestHostmanager: Adding  --runtimeconfig "C:\Users\z004vj3s\Downloads\ProductManagementAPI\ProductManagementAPI\ProductManagementAPI.Tests\bin\Debug\net8.0\fine-code-coverage\build-output\ProductManagementAPI.Tests.runtimeconfig.json" in args
TpTrace Verbose: 0 : 4080, 5, 2024/11/11, 19:35:20.488, 7178901773681, vstest.console.dll, DotnetTestHostmanager: Adding  --depsfile "C:\Users\z004vj3s\Downloads\ProductManagementAPI\ProductManagementAPI\ProductManagementAPI.Tests\bin\Debug\net8.0\fine-code-coverage\build-output\ProductManagementAPI.Tests.deps.json" in args
TpTrace Verbose: 0 : 4080, 5, 2024/11/11, 19:35:20.488, 7178901776807, vstest.console.dll, DotnetTestHostmanager.IsWinOnArm: Current PROCESSOR_ARCHITECTURE from environment variable 'AMD64'
TpTrace Verbose: 0 : 4080, 5, 2024/11/11, 19:35:20.488, 7178901777743, vstest.console.dll, DotnetTestHostmanager.IsWinOnArm: Is Windows on ARM 'False'
TpTrace Verbose: 0 : 4080, 5, 2024/11/11, 19:35:20.488, 7178901779614, vstest.console.dll, DotnetTestHostManager: testhost.exe found at path: C:\Users\z004vj3s\Downloads\ProductManagementAPI\ProductManagementAPI\ProductManagementAPI.Tests\bin\Debug\net8.0\fine-code-coverage\build-output\testhost.exe
TpTrace Verbose: 0 : 4080, 5, 2024/11/11, 19:35:20.488, 7178901780331, vstest.console.dll, DotnetTestHostmanager: Full path of host exe is C:\Users\z004vj3s\Downloads\ProductManagementAPI\ProductManagementAPI\ProductManagementAPI.Tests\bin\Debug\net8.0\fine-code-coverage\build-output\testhost.exe
TpTrace Verbose: 0 : 4080, 5, 2024/11/11, 19:35:20.489, 7178901782253, vstest.console.dll, DotnetTestHostmanager.LaunchTestHostAsync: Found 'VSTEST_WINAPPHOST_DOTNET_ROOT' in env variables, value 'C:\Program Files\dotnet', forwarding to 'DOTNET_ROOT'
TpTrace Verbose: 0 : 4080, 5, 2024/11/11, 19:35:20.489, 7178901784429, vstest.console.dll, DotnetTestHostManager: Starting process 'C:\Users\z004vj3s\Downloads\ProductManagementAPI\ProductManagementAPI\ProductManagementAPI.Tests\bin\Debug\net8.0\fine-code-coverage\build-output\testhost.exe' with command line ' --runtimeconfig "C:\Users\z004vj3s\Downloads\ProductManagementAPI\ProductManagementAPI\ProductManagementAPI.Tests\bin\Debug\net8.0\fine-code-coverage\build-output\ProductManagementAPI.Tests.runtimeconfig.json" --depsfile "C:\Users\z004vj3s\Downloads\ProductManagementAPI\ProductManagementAPI\ProductManagementAPI.Tests\bin\Debug\net8.0\fine-code-coverage\build-output\ProductManagementAPI.Tests.deps.json" --port 56401 --endpoint 127.0.0.1:056401 --role client --parentprocessid 4080 --diag "C:\Users\z004vj3s\Downloads\ProductManagementAPI\ProductManagementAPI\ProductManagementAPI.Tests\bin\Debug\net8.0\fine-code-coverage\coverage-tool-output\diagnostics.host.24-11-11_19-35-20_48698_5.log" --tracelevel 4 --datacollectionport 56400 --telemetryoptedin false'
TpTrace Verbose: 0 : 4080, 5, 2024/11/11, 19:35:20.546, 7178902360081, vstest.console.dll, MulticastDelegateUtilities.SafeInvoke: HostProviderEvents.OnHostLaunched: Invoking callback 1/2 for Microsoft.VisualStudio.TestPlatform.CrossPlatEngine.Client.ProxyExecutionManagerWithDataCollection., took 1 ms.
TpTrace Verbose: 0 : 4080, 5, 2024/11/11, 19:35:20.547, 7178902364690, vstest.console.dll, Test Runtime launched
TpTrace Verbose: 0 : 4080, 5, 2024/11/11, 19:35:20.547, 7178902365781, vstest.console.dll, MulticastDelegateUtilities.SafeInvoke: HostProviderEvents.OnHostLaunched: Invoking callback 2/2 for Microsoft.VisualStudio.TestPlatform.CrossPlatEngine.Client.ProxyOperationManager., took 0 ms.
TpTrace Verbose: 0 : 4080, 5, 2024/11/11, 19:35:20.547, 7178902368420, vstest.console.dll, TestRequestSender.WaitForRequestHandlerConnection: waiting for connection with timeout: 90000.
TpTrace Verbose: 0 : 4080, 5, 2024/11/11, 19:35:21.019, 7178907087196, vstest.console.dll, TestRequestSender.WaitForRequestHandlerConnection: waiting took 471 ms, with timeout 90000 ms, and result 0, which is success.
TpTrace Verbose: 0 : 4080, 12, 2024/11/11, 19:35:21.019, 7178907087179, vstest.console.dll, MulticastDelegateUtilities.SafeInvoke: SocketServer: ClientConnected: Invoking callback 1/1 for Microsoft.VisualStudio.TestPlatform.CommunicationUtilities.TestRequestSender., took 0 ms.
TpTrace Verbose: 0 : 4080, 12, 2024/11/11, 19:35:21.019, 7178907090860, vstest.console.dll, SocketServer.OnClientConnected: Client connected for endPoint: 127.0.0.1:56401, starting MessageLoopAsync:
TpTrace Verbose: 0 : 4080, 12, 2024/11/11, 19:35:21.020, 7178907098028, vstest.console.dll, TcpClientExtensions.MessageLoopAsync: Polling on remoteEndPoint: 127.0.0.1:56402 localEndPoint: 127.0.0.1:56401 after 0 ms
TpTrace Verbose: 0 : 4080, 5, 2024/11/11, 19:35:21.021, 7178907108308, vstest.console.dll, TestRequestSender.CheckVersionWithTestHost: Sending check version message: {"MessageType":"ProtocolVersion","Payload":7}
TpTrace Verbose: 0 : 4080, 12, 2024/11/11, 19:35:21.365, 7178910548341, vstest.console.dll, TcpClientExtensions.MessageLoopAsync: NotifyDataAvailable remoteEndPoint: 127.0.0.1:56402 localEndPoint: 127.0.0.1:56401
TpTrace Verbose: 0 : 4080, 12, 2024/11/11, 19:35:21.366, 7178910551767, vstest.console.dll, TestRequestSender.CheckVersionWithTestHost: onMessageReceived received message: (ProtocolVersion) -> {"MessageType":"ProtocolVersion","Payload":7}
TpTrace Verbose: 0 : 4080, 12, 2024/11/11, 19:35:21.366, 7178910559840, vstest.console.dll, MulticastDelegateUtilities.SafeInvoke: LengthPrefixCommunicationChannel: MessageReceived: Invoking callback 1/1 for Microsoft.VisualStudio.TestPlatform.CommunicationUtilities.TestRequestSender+<>c__DisplayClass29_0., took 0 ms.
TpTrace Verbose: 0 : 4080, 12, 2024/11/11, 19:35:21.366, 7178910561229, vstest.console.dll, TcpClientExtensions.MessageLoopAsync: Polling on remoteEndPoint: 127.0.0.1:56402 localEndPoint: 127.0.0.1:56401 after 346 ms
TpTrace Verbose: 0 : 4080, 5, 2024/11/11, 19:35:21.366, 7178910561473, vstest.console.dll, TestPluginCache.GetExtensionPaths: Filtered extension paths: 
TpTrace Verbose: 0 : 4080, 5, 2024/11/11, 19:35:21.367, 7178910563161, vstest.console.dll, TestPluginCache.GetExtensionPaths: Added default extension paths: C:\Program Files\dotnet\sdk\8.0.306\Extensions\Microsoft.Diagnostics.NETCore.Client.dll
C:\Program Files\dotnet\sdk\8.0.306\Extensions\Microsoft.TestPlatform.Extensions.BlameDataCollector.dll
C:\Program Files\dotnet\sdk\8.0.306\Extensions\Microsoft.TestPlatform.Extensions.EventLogCollector.dll
C:\Program Files\dotnet\sdk\8.0.306\Extensions\Microsoft.TestPlatform.TestHostRuntimeProvider.dll
C:\Program Files\dotnet\sdk\8.0.306\Extensions\Microsoft.VisualStudio.TestPlatform.Extensions.Html.TestLogger.dll
C:\Program Files\dotnet\sdk\8.0.306\Extensions\Microsoft.VisualStudio.TestPlatform.Extensions.Trx.TestLogger.dll
TpTrace Verbose: 0 : 4080, 5, 2024/11/11, 19:35:21.367, 7178910563870, vstest.console.dll, TestPluginCache.GetExtensionPaths: Added unfilterableExtensionPaths: 
TpTrace Verbose: 0 : 4080, 5, 2024/11/11, 19:35:21.372, 7178910612589, vstest.console.dll, TestRequestSender.InitializeExecution: Sending initialize execution with message: {"Version":7,"MessageType":"TestExecution.Initialize","Payload":["C:\\Users\\z004vj3s\\Downloads\\ProductManagementAPI\\ProductManagementAPI\\ProductManagementAPI.Tests\\bin\\Debug\\net8.0\\fine-code-coverage\\build-output\\NUnit3.TestAdapter.dll"]}
TpTrace Verbose: 0 : 4080, 5, 2024/11/11, 19:35:21.372, 7178910616078, vstest.console.dll, ParallelProxyExecutionManager.StartTestRunOnConcurrentManager: Execution starting. Started clients: 1
TpTrace Verbose: 0 : 4080, 5, 2024/11/11, 19:35:21.372, 7178910619709, vstest.console.dll, TestRunRequest:SendTestRunMessage: Starting.
TpTrace Verbose: 0 : 4080, 5, 2024/11/11, 19:35:21.373, 7178910621928, vstest.console.dll, MulticastDelegateUtilities.SafeInvoke: TestRun.LogMessages: Invoking callback 1/1 for Microsoft.VisualStudio.TestPlatform.CommandLine.TestRunResultAggregator., took 0 ms.
TpTrace Information: 0 : 4080, 5, 2024/11/11, 19:35:21.373, 7178910622568, vstest.console.dll, TestRunRequest:SendTestRunMessage: Completed.
TpTrace Verbose: 0 : 4080, 4, 2024/11/11, 19:35:21.373, 7178910624426, vstest.console.dll, MulticastDelegateUtilities.SafeInvoke: InternalTestLoggerEvents.SendTestRunMessage: Invoking callback 1/1 for Microsoft.VisualStudio.TestPlatform.CommandLine.Internal.ConsoleLogger., took 0 ms.
TpTrace Warning: 0 : 4080, 5, 2024/11/11, 19:35:21.373, 7178910628421, vstest.console.dll, InferRunSettingsHelper.MakeRunsettingsCompatible: Removing the following settings: TargetPlatform from RunSettings file. To use those settings please move to latest version of Microsoft.NET.Test.Sdk
TpTrace Verbose: 0 : 4080, 12, 2024/11/11, 19:35:21.374, 7178910631907, vstest.console.dll, TcpClientExtensions.MessageLoopAsync: NotifyDataAvailable remoteEndPoint: 127.0.0.1:56402 localEndPoint: 127.0.0.1:56401
TpTrace Verbose: 0 : 4080, 12, 2024/11/11, 19:35:21.383, 7178910730282, vstest.console.dll, TestRequestSender.OnExecutionMessageReceived: Received message: {"Version":7,"MessageType":"TestSession.Message","Payload":{"MessageLevel":0,"Message":"Logging TestHost Diagnostics in file: C:\\Users\\z004vj3s\\Downloads\\ProductManagementAPI\\ProductManagementAPI\\ProductManagementAPI.Tests\\bin\\Debug\\net8.0\\fine-code-coverage\\coverage-tool-output\\diagnostics.host.24-11-11_19-35-20_48698_5.log"}}
TpTrace Verbose: 0 : 4080, 5, 2024/11/11, 19:35:21.383, 7178910730671, vstest.console.dll, TestRequestSender.StartTestRun: Sending test run with message: {"Version":7,"MessageType":"TestExecution.StartWithSources","Payload":{"AdapterSourceMap":{"_none_":["C:\\Users\\z004vj3s\\Downloads\\ProductManagementAPI\\ProductManagementAPI\\ProductManagementAPI.Tests\\bin\\Debug\\net8.0\\fine-code-coverage\\build-output\\ProductManagementAPI.Tests.dll"]},"RunSettings":"<RunSettings>\r\n  <RunConfiguration>\r\n    <ResultsDirectory>C:\\Users\\z004vj3s\\Downloads\\ProductManagementAPI\\ProductManagementAPI\\ProductManagementAPI.Tests\\bin\\Debug\\net8.0\\fine-code-coverage\\coverage-tool-output</ResultsDirectory>\r\n    <TargetFrameworkVersion>.NETCoreApp,Version=v8.0</TargetFrameworkVersion>\r\n    <DesignMode>False</DesignMode>\r\n    <CollectSourceInformation>False</CollectSourceInformation>\r\n  </RunConfiguration>\r\n  <LoggerRunSettings>\r\n    <Loggers>\r\n      <Logger friendlyName=\"blame\" enabled=\"True\" />\r\n      <Logger friendlyName=\"Console\" uri=\"logger://microsoft/TestPlatform/ConsoleLogger/v1\" assemblyQualifiedName=\"Microsoft.VisualStudio.TestPlatform.CommandLine.Internal.ConsoleLogger, vstest.console, Version=15.0.0.0, Culture=neutral, PublicKeyToken=b03f5f7f11d50a3a\" codeBase=\"C:\\Program Files\\dotnet\\sdk\\8.0.306\\vstest.console.dll\" enabled=\"True\" />\r\n    </Loggers>\r\n  </LoggerRunSettings>\r\n  <DataCollectionRunSettings>\r\n    <DataCollectors>\r\n      <DataCollector friendlyName=\"blame\" enabled=\"True\">\r\n        <Configuration>\r\n          <ResultsDirectory>C:\\Users\\z004vj3s\\Downloads\\ProductManagementAPI\\ProductManagementAPI\\ProductManagementAPI.Tests\\bin\\Debug\\net8.0\\fine-code-coverage\\coverage-tool-output</ResultsDirectory>\r\n        </Configuration>\r\n      </DataCollector>\r\n    </DataCollectors>\r\n  </DataCollectionRunSettings>\r\n</RunSettings>","TestExecutionContext":{"FrequencyOfRunStatsChangeEvent":10,"RunStatsChangeEventTimeout":"00:00:01.5000000","InIsolation":false,"KeepAlive":false,"AreTestCaseLevelEventsRequired":false,"IsDebug":false,"TestCaseFilter":null,"FilterOptions":null},"Package":null}}
TpTrace Verbose: 0 : 4080, 5, 2024/11/11, 19:35:21.384, 7178910735122, vstest.console.dll, ParallelProxyExecutionManager.StartTestRunOnConcurrentManager: Execution started. Started clients: 1
TpTrace Verbose: 0 : 4080, 12, 2024/11/11, 19:35:21.388, 7178910780335, vstest.console.dll, TestRunRequest:SendTestRunMessage: Starting.
TpTrace Verbose: 0 : 4080, 12, 2024/11/11, 19:35:21.389, 7178910782690, vstest.console.dll, MulticastDelegateUtilities.SafeInvoke: TestRun.LogMessages: Invoking callback 1/1 for Microsoft.VisualStudio.TestPlatform.CommandLine.TestRunResultAggregator., took 0 ms.
TpTrace Verbose: 0 : 4080, 4, 2024/11/11, 19:35:21.389, 7178910782935, vstest.console.dll, MulticastDelegateUtilities.SafeInvoke: InternalTestLoggerEvents.SendTestRunMessage: Invoking callback 1/1 for Microsoft.VisualStudio.TestPlatform.CommandLine.Internal.ConsoleLogger., took 0 ms.
TpTrace Information: 0 : 4080, 12, 2024/11/11, 19:35:21.389, 7178910783365, vstest.console.dll, TestRunRequest:SendTestRunMessage: Completed.
TpTrace Verbose: 0 : 4080, 12, 2024/11/11, 19:35:21.389, 7178910785216, vstest.console.dll, MulticastDelegateUtilities.SafeInvoke: LengthPrefixCommunicationChannel: MessageReceived: Invoking callback 1/1 for Microsoft.VisualStudio.TestPlatform.CommunicationUtilities.TestRequestSender+<>c__DisplayClass34_0., took 5 ms.
TpTrace Verbose: 0 : 4080, 12, 2024/11/11, 19:35:21.389, 7178910785815, vstest.console.dll, TcpClientExtensions.MessageLoopAsync: Polling on remoteEndPoint: 127.0.0.1:56402 localEndPoint: 127.0.0.1:56401 after 22 ms
TpTrace Verbose: 0 : 4080, 12, 2024/11/11, 19:35:21.711, 7178914005310, vstest.console.dll, TcpClientExtensions.MessageLoopAsync: NotifyDataAvailable remoteEndPoint: 127.0.0.1:56402 localEndPoint: 127.0.0.1:56401
TpTrace Verbose: 0 : 4080, 12, 2024/11/11, 19:35:21.711, 7178914008087, vstest.console.dll, TestRequestSender.OnExecutionMessageReceived: Received message: {"Version":7,"MessageType":"TestSession.Message","Payload":{"MessageLevel":0,"Message":"NUnit Adapter 4.6.0.0: Test execution started"}}
TpTrace Verbose: 0 : 4080, 12, 2024/11/11, 19:35:21.711, 7178914011372, vstest.console.dll, TestRunRequest:SendTestRunMessage: Starting.
TpTrace Verbose: 0 : 4080, 12, 2024/11/11, 19:35:21.712, 7178914012723, vstest.console.dll, MulticastDelegateUtilities.SafeInvoke: TestRun.LogMessages: Invoking callback 1/1 for Microsoft.VisualStudio.TestPlatform.CommandLine.TestRunResultAggregator., took 0 ms.
TpTrace Verbose: 0 : 4080, 4, 2024/11/11, 19:35:21.712, 7178914013433, vstest.console.dll, MulticastDelegateUtilities.SafeInvoke: InternalTestLoggerEvents.SendTestRunMessage: Invoking callback 1/1 for Microsoft.VisualStudio.TestPlatform.CommandLine.Internal.ConsoleLogger., took 0 ms.
TpTrace Information: 0 : 4080, 12, 2024/11/11, 19:35:21.712, 7178914013691, vstest.console.dll, TestRunRequest:SendTestRunMessage: Completed.
TpTrace Verbose: 0 : 4080, 12, 2024/11/11, 19:35:21.712, 7178914014710, vstest.console.dll, MulticastDelegateUtilities.SafeInvoke: LengthPrefixCommunicationChannel: MessageReceived: Invoking callback 1/1 for Microsoft.VisualStudio.TestPlatform.CommunicationUtilities.TestRequestSender+<>c__DisplayClass34_0., took 0 ms.
TpTrace Verbose: 0 : 4080, 12, 2024/11/11, 19:35:21.712, 7178914015208, vstest.console.dll, TcpClientExtensions.MessageLoopAsync: Polling on remoteEndPoint: 127.0.0.1:56402 localEndPoint: 127.0.0.1:56401 after 322 ms
TpTrace Verbose: 0 : 4080, 12, 2024/11/11, 19:35:21.748, 7178914376859, vstest.console.dll, TcpClientExtensions.MessageLoopAsync: NotifyDataAvailable remoteEndPoint: 127.0.0.1:56402 localEndPoint: 127.0.0.1:56401
TpTrace Verbose: 0 : 4080, 12, 2024/11/11, 19:35:21.748, 7178914379162, vstest.console.dll, TestRequestSender.OnExecutionMessageReceived: Received message: {"Version":7,"MessageType":"TestSession.Message","Payload":{"MessageLevel":0,"Message":"Running all tests in C:\\Users\\z004vj3s\\Downloads\\ProductManagementAPI\\ProductManagementAPI\\ProductManagementAPI.Tests\\bin\\Debug\\net8.0\\fine-code-coverage\\build-output\\ProductManagementAPI.Tests.dll"}}
TpTrace Verbose: 0 : 4080, 12, 2024/11/11, 19:35:21.748, 7178914381091, vstest.console.dll, TestRunRequest:SendTestRunMessage: Starting.
TpTrace Verbose: 0 : 4080, 12, 2024/11/11, 19:35:21.749, 7178914382297, vstest.console.dll, MulticastDelegateUtilities.SafeInvoke: TestRun.LogMessages: Invoking callback 1/1 for Microsoft.VisualStudio.TestPlatform.CommandLine.TestRunResultAggregator., took 0 ms.
TpTrace Information: 0 : 4080, 12, 2024/11/11, 19:35:21.749, 7178914382764, vstest.console.dll, TestRunRequest:SendTestRunMessage: Completed.
TpTrace Verbose: 0 : 4080, 12, 2024/11/11, 19:35:21.749, 7178914383113, vstest.console.dll, MulticastDelegateUtilities.SafeInvoke: LengthPrefixCommunicationChannel: MessageReceived: Invoking callback 1/1 for Microsoft.VisualStudio.TestPlatform.CommunicationUtilities.TestRequestSender+<>c__DisplayClass34_0., took 0 ms.
TpTrace Verbose: 0 : 4080, 12, 2024/11/11, 19:35:21.749, 7178914383480, vstest.console.dll, TcpClientExtensions.MessageLoopAsync: Polling on remoteEndPoint: 127.0.0.1:56402 localEndPoint: 127.0.0.1:56401 after 36 ms
TpTrace Verbose: 0 : 4080, 4, 2024/11/11, 19:35:21.751, 7178914401834, vstest.console.dll, MulticastDelegateUtilities.SafeInvoke: InternalTestLoggerEvents.SendTestRunMessage: Invoking callback 1/1 for Microsoft.VisualStudio.TestPlatform.CommandLine.Internal.ConsoleLogger., took 0 ms.
TpTrace Verbose: 0 : 4080, 12, 2024/11/11, 19:35:22.099, 7178917891305, vstest.console.dll, TcpClientExtensions.MessageLoopAsync: NotifyDataAvailable remoteEndPoint: 127.0.0.1:56402 localEndPoint: 127.0.0.1:56401
TpTrace Verbose: 0 : 4080, 12, 2024/11/11, 19:35:22.100, 7178917893622, vstest.console.dll, TestRequestSender.OnExecutionMessageReceived: Received message: {"Version":7,"MessageType":"TestSession.Message","Payload":{"MessageLevel":0,"Message":"   NUnit3TestExecutor discovered 4 of 4 NUnit test cases using Current Discovery mode, Non-Explicit run"}}
TpTrace Verbose: 0 : 4080, 12, 2024/11/11, 19:35:22.100, 7178917895528, vstest.console.dll, TestRunRequest:SendTestRunMessage: Starting.
TpTrace Verbose: 0 : 4080, 12, 2024/11/11, 19:35:22.100, 7178917896672, vstest.console.dll, MulticastDelegateUtilities.SafeInvoke: TestRun.LogMessages: Invoking callback 1/1 for Microsoft.VisualStudio.TestPlatform.CommandLine.TestRunResultAggregator., took 0 ms.
TpTrace Information: 0 : 4080, 12, 2024/11/11, 19:35:22.100, 7178917897166, vstest.console.dll, TestRunRequest:SendTestRunMessage: Completed.
TpTrace Verbose: 0 : 4080, 4, 2024/11/11, 19:35:22.100, 7178917896783, vstest.console.dll, MulticastDelegateUtilities.SafeInvoke: InternalTestLoggerEvents.SendTestRunMessage: Invoking callback 1/1 for Microsoft.VisualStudio.TestPlatform.CommandLine.Internal.ConsoleLogger., took 0 ms.
TpTrace Verbose: 0 : 4080, 12, 2024/11/11, 19:35:22.100, 7178917897621, vstest.console.dll, MulticastDelegateUtilities.SafeInvoke: LengthPrefixCommunicationChannel: MessageReceived: Invoking callback 1/1 for Microsoft.VisualStudio.TestPlatform.CommunicationUtilities.TestRequestSender+<>c__DisplayClass34_0., took 0 ms.
TpTrace Verbose: 0 : 4080, 12, 2024/11/11, 19:35:22.100, 7178917899252, vstest.console.dll, TcpClientExtensions.MessageLoopAsync: Polling on remoteEndPoint: 127.0.0.1:56402 localEndPoint: 127.0.0.1:56401 after 351 ms
TpTrace Verbose: 0 : 4080, 12, 2024/11/11, 19:35:22.479, 7178921688442, vstest.console.dll, TcpClientExtensions.MessageLoopAsync: NotifyDataAvailable remoteEndPoint: 127.0.0.1:56402 localEndPoint: 127.0.0.1:56401
TpTrace Verbose: 0 : 4080, 12, 2024/11/11, 19:35:22.479, 7178921690940, vstest.console.dll, TestRequestSender.OnExecutionMessageReceived: Received message: {"Version":7,"MessageType":"TestSession.Message","Payload":{"MessageLevel":0,"Message":"NUnit Adapter 4.6.0.0: Test execution complete"}}
TpTrace Verbose: 0 : 4080, 12, 2024/11/11, 19:35:22.480, 7178921693076, vstest.console.dll, TestRunRequest:SendTestRunMessage: Starting.
TpTrace Verbose: 0 : 4080, 12, 2024/11/11, 19:35:22.480, 7178921694114, vstest.console.dll, MulticastDelegateUtilities.SafeInvoke: TestRun.LogMessages: Invoking callback 1/1 for Microsoft.VisualStudio.TestPlatform.CommandLine.TestRunResultAggregator., took 0 ms.
TpTrace Information: 0 : 4080, 12, 2024/11/11, 19:35:22.480, 7178921694655, vstest.console.dll, TestRunRequest:SendTestRunMessage: Completed.
TpTrace Verbose: 0 : 4080, 12, 2024/11/11, 19:35:22.480, 7178921695100, vstest.console.dll, MulticastDelegateUtilities.SafeInvoke: LengthPrefixCommunicationChannel: MessageReceived: Invoking callback 1/1 for Microsoft.VisualStudio.TestPlatform.CommunicationUtilities.TestRequestSender+<>c__DisplayClass34_0., took 0 ms.
TpTrace Verbose: 0 : 4080, 12, 2024/11/11, 19:35:22.480, 7178921695857, vstest.console.dll, TcpClientExtensions.MessageLoopAsync: Polling on remoteEndPoint: 127.0.0.1:56402 localEndPoint: 127.0.0.1:56401 after 379 ms
TpTrace Verbose: 0 : 4080, 4, 2024/11/11, 19:35:22.481, 7178921705752, vstest.console.dll, MulticastDelegateUtilities.SafeInvoke: InternalTestLoggerEvents.SendTestRunMessage: Invoking callback 1/1 for Microsoft.VisualStudio.TestPlatform.CommandLine.Internal.ConsoleLogger., took 0 ms.
TpTrace Verbose: 0 : 4080, 12, 2024/11/11, 19:35:22.578, 7178922673879, vstest.console.dll, TcpClientExtensions.MessageLoopAsync: NotifyDataAvailable remoteEndPoint: 127.0.0.1:56402 localEndPoint: 127.0.0.1:56401
TpTrace Verbose: 0 : 4080, 12, 2024/11/11, 19:35:22.578, 7178922680356, vstest.console.dll, TestRequestSender.OnExecutionMessageReceived: Received message: {"Version":7,"MessageType":"TestExecution.Completed","Payload":{"TestRunCompleteArgs":{"TestRunStatistics":{"ExecutedTests":4,"Stats":{"Passed":4}},"IsCanceled":false,"IsAborted":false,"Error":null,"AttachmentSets":[],"InvokedDataCollectors":[],"ElapsedTimeInRunningTests":"00:00:00.8133406","Metrics":{},"DiscoveredExtensions":{"TestDiscoverers":["NUnit.VisualStudio.TestAdapter.NUnit3TestDiscoverer, NUnit3.TestAdapter, Version=4.6.0.0, Culture=neutral, PublicKeyToken=4cb40d35494691ac"],"TestExecutors":["executor://NUnit3TestExecutor"],"TestExecutors2":[],"TestSettingsProviders":[]}},"LastRunTests":{"NewTestResults":[{"TestCase":{"Id":"14fd7319-fc43-ec4d-2033-ed3de6919344","FullyQualifiedName":"ProductManagementAPI.Tests.ProductTests.DeleteProduct_ProductNotFound_ReturnsInternalServerError","DisplayName":"DeleteProduct_ProductNotFound_ReturnsInternalServerError","ExecutorUri":"executor://NUnit3TestExecutor","Source":"C:\\Users\\z004vj3s\\Downloads\\ProductManagementAPI\\ProductManagementAPI\\ProductManagementAPI.Tests\\bin\\Debug\\net8.0\\fine-code-coverage\\build-output\\ProductManagementAPI.Tests.dll","CodeFilePath":null,"LineNumber":0,"Properties":[{"Key":{"Id":"NUnit.Seed","Label":"Seed","Category":"","Description":"","Attributes":0,"ValueType":"System.String"},"Value":"1808600446"}]},"Attachments":[],"Outcome":1,"ErrorMessage":null,"ErrorStackTrace":null,"DisplayName":"DeleteProduct_ProductNotFound_ReturnsInternalServerError","Messages":[],"ComputerName":"DINM4KVSVM3","Duration":"00:00:00.1896450","StartTime":"2024-11-11T14:05:22.1794926+00:00","EndTime":"2024-11-11T14:05:22.3690401+00:00","Properties":[{"Key":{"Id":"NUnit.Seed","Label":"Seed","Category":"","Description":"","Attributes":0,"ValueType":"System.String"},"Value":"1808600446"}]},{"TestCase":{"Id":"eb0ed77b-ba9c-7d35-4ca2-2e1e5a733694","FullyQualifiedName":"ProductManagementAPI.Tests.ProductTests.DeleteProduct_ValidProduct_ReturnsNoContent","DisplayName":"DeleteProduct_ValidProduct_ReturnsNoContent","ExecutorUri":"executor://NUnit3TestExecutor","Source":"C:\\Users\\z004vj3s\\Downloads\\ProductManagementAPI\\ProductManagementAPI\\ProductManagementAPI.Tests\\bin\\Debug\\net8.0\\fine-code-coverage\\build-output\\ProductManagementAPI.Tests.dll","CodeFilePath":null,"LineNumber":0,"Properties":[{"Key":{"Id":"NUnit.Seed","Label":"Seed","Category":"","Description":"","Attributes":0,"ValueType":"System.String"},"Value":"1955675187"}]},"Attachments":[],"Outcome":1,"ErrorMessage":null,"ErrorStackTrace":null,"DisplayName":"DeleteProduct_ValidProduct_ReturnsNoContent","Messages":[],"ComputerName":"DINM4KVSVM3","Duration":"00:00:00.0062639","StartTime":"2024-11-11T14:05:22.3833273+00:00","EndTime":"2024-11-11T14:05:22.3895912+00:00","Properties":[{"Key":{"Id":"NUnit.Seed","Label":"Seed","Category":"","Description":"","Attributes":0,"ValueType":"System.String"},"Value":"1955675187"}]},{"TestCase":{"Id":"0fd3bde6-e911-902d-c75a-cdc2a23bdf1c","FullyQualifiedName":"ProductManagementAPI.Tests.ProductTests.GetProductById_ProductExists_ReturnsOkResult","DisplayName":"GetProductById_ProductExists_ReturnsOkResult","ExecutorUri":"executor://NUnit3TestExecutor","Source":"C:\\Users\\z004vj3s\\Downloads\\ProductManagementAPI\\ProductManagementAPI\\ProductManagementAPI.Tests\\bin\\Debug\\net8.0\\fine-code-coverage\\build-output\\ProductManagementAPI.Tests.dll","CodeFilePath":null,"LineNumber":0,"Properties":[{"Key":{"Id":"NUnit.Seed","Label":"Seed","Category":"","Description":"","Attributes":0,"ValueType":"System.String"},"Value":"810185870"}]},"Attachments":[],"Outcome":1,"ErrorMessage":null,"ErrorStackTrace":null,"DisplayName":"GetProductById_ProductExists_ReturnsOkResult","Messages":[],"ComputerName":"DINM4KVSVM3","Duration":"00:00:00.0151340","StartTime":"2024-11-11T14:05:22.4075246+00:00","EndTime":"2024-11-11T14:05:22.4226592+00:00","Properties":[{"Key":{"Id":"NUnit.Seed","Label":"Seed","Category":"","Description":"","Attributes":0,"ValueType":"System.String"},"Value":"810185870"}]},{"TestCase":{"Id":"4066ae5e-f792-5dda-b9dc-5009cdb138de","FullyQualifiedName":"ProductManagementAPI.Tests.ProductTests.UpdateProduct_UpdateFails_ReturnsInternalServerError","DisplayName":"UpdateProduct_UpdateFails_ReturnsInternalServerError","ExecutorUri":"executor://NUnit3TestExecutor","Source":"C:\\Users\\z004vj3s\\Downloads\\ProductManagementAPI\\ProductManagementAPI\\ProductManagementAPI.Tests\\bin\\Debug\\net8.0\\fine-code-coverage\\build-output\\ProductManagementAPI.Tests.dll","CodeFilePath":null,"LineNumber":0,"Properties":[{"Key":{"Id":"NUnit.Seed","Label":"Seed","Category":"","Description":"","Attributes":0,"ValueType":"System.String"},"Value":"1147235571"}]},"Attachments":[],"Outcome":1,"ErrorMessage":null,"ErrorStackTrace":null,"DisplayName":"UpdateProduct_UpdateFails_ReturnsInternalServerError","Messages":[],"ComputerName":"DINM4KVSVM3","Duration":"00:00:00.0076510","StartTime":"2024-11-11T14:05:22.4459736+00:00","EndTime":"2024-11-11T14:05:22.4536255+00:00","Properties":[{"Key":{"Id":"NUnit.Seed","Label":"Seed","Category":"","Description":"","Attributes":0,"ValueType":"System.String"},"Value":"1147235571"}]}],"TestRunStatistics":{"ExecutedTests":4,"Stats":{"Passed":4}},"ActiveTests":[]},"RunAttachments":[],"ExecutorUris":["executor://nunit3testexecutor/"]}}
TpTrace Verbose: 0 : 4080, 12, 2024/11/11, 19:35:22.579, 7178922682576, vstest.console.dll, TestRequestSender.EndSession: Sending end session.
TpTrace Verbose: 0 : 4080, 12, 2024/11/11, 19:35:22.579, 7178922685228, vstest.console.dll, ProxyOperationManager.Close: waiting for test host to exit for 100 ms
TpTrace Verbose: 0 : 4080, 6, 2024/11/11, 19:35:22.604, 7178922934130, vstest.console.dll, TestHostManagerCallbacks.ctor: Experimental forwarding output is disabled.
TpTrace Warning: 0 : 4080, 6, 2024/11/11, 19:35:22.604, 7178922935834, vstest.console.dll, TestHostManagerCallbacks.ErrorReceivedCallback Test host standard error line: 
TpTrace Verbose: 0 : 4080, 6, 2024/11/11, 19:35:22.640, 7178923296947, vstest.console.dll, TestHostProvider.ExitCallBack: Host exited starting callback.
TpTrace Information: 0 : 4080, 6, 2024/11/11, 19:35:22.640, 7178923299462, vstest.console.dll, TestHostManagerCallbacks.ExitCallBack: Testhost processId: 48560 exited with exitcode: 0 error: ''
TpTrace Verbose: 0 : 4080, 6, 2024/11/11, 19:35:22.640, 7178923300152, vstest.console.dll, DotnetTestHostManager.OnHostExited: invoking OnHostExited callback
TpTrace Verbose: 0 : 4080, 6, 2024/11/11, 19:35:22.640, 7178923301199, vstest.console.dll, CrossPlatEngine.TestHostManagerHostExited: calling on client process exit callback.
TpTrace Information: 0 : 4080, 6, 2024/11/11, 19:35:22.641, 7178923302375, vstest.console.dll, TestRequestSender.OnClientProcessExit: Test host process exited. Standard error: 
TpTrace Information: 0 : 4080, 6, 2024/11/11, 19:35:22.641, 7178923302972, vstest.console.dll, SocketServer.Stop: Stop server endPoint: 127.0.0.1:56401
TpTrace Information: 0 : 4080, 6, 2024/11/11, 19:35:22.641, 7178923303365, vstest.console.dll, SocketServer.Stop: Cancellation requested. Stopping message loop.
TpTrace Verbose: 0 : 4080, 6, 2024/11/11, 19:35:22.641, 7178923304913, vstest.console.dll, MulticastDelegateUtilities.SafeInvoke: HostProviderEvents.OnHostExited: Invoking callback 1/1 for Microsoft.VisualStudio.TestPlatform.CrossPlatEngine.Client.ProxyOperationManager., took 0 ms.
TpTrace Information: 0 : 4080, 12, 2024/11/11, 19:35:22.645, 7178923343985, vstest.console.dll, SocketServer.Stop: Stop server endPoint: 127.0.0.1:56401
TpTrace Information: 0 : 4080, 12, 2024/11/11, 19:35:22.645, 7178923345874, vstest.console.dll, SocketServer.Stop: Cancellation requested. Stopping message loop.
TpTrace Information: 0 : 4080, 12, 2024/11/11, 19:35:22.645, 7178923346636, vstest.console.dll, Closing the connection
TpTrace Verbose: 0 : 4080, 12, 2024/11/11, 19:35:22.646, 7178923351870, vstest.console.dll, ProxyDataCollectionManager.InvokeDataCollectionServiceAction: Starting.
TpTrace Information: 0 : 4080, 12, 2024/11/11, 19:35:22.646, 7178923352975, vstest.console.dll, ProxyDataCollectionManager.AfterTestRunEnd: Get attachment set and invoked data collectors processId: 25576 port: 56396
TpTrace Verbose: 0 : 4080, 12, 2024/11/11, 19:35:22.646, 7178923353629, vstest.console.dll, DataCollectionRequestSender.SendAfterTestRunStartAndGetResult: Send AfterTestRunEnd message with isCancelled: False
TpTrace Verbose: 0 : 4080, 12, 2024/11/11, 19:35:22.657, 7178923467848, vstest.console.dll, DataCollectionRequestSender.SendAfterTestRunStartAndGetResult: Received message: (DataCollection.AfterTestRunEndResult) -> {"MessageType":"DataCollection.AfterTestRunEndResult","Payload":{"AttachmentSets":[],"InvokedDataCollectors":[{"Uri":"datacollector://Microsoft/TestPlatform/Extensions/Blame/v1","FriendlyName":"Blame","AssemblyQualifiedName":"Microsoft.TestPlatform.Extensions.BlameDataCollector.BlameCollector, Microsoft.TestPlatform.Extensions.BlameDataCollector, Version=15.0.0.0, Culture=neutral, PublicKeyToken=b03f5f7f11d50a3a","FilePath":"C:\\Program Files\\dotnet\\sdk\\8.0.306\\Extensions\\Microsoft.TestPlatform.Extensions.BlameDataCollector.dll","HasAttachmentProcessor":false}],"Metrics":{}}}
TpTrace Information: 0 : 4080, 12, 2024/11/11, 19:35:22.667, 7178923567515, vstest.console.dll, ProxyDataCollectionManager.InvokeDataCollectionServiceAction: Completed.
TpTrace Warning: 0 : 4080, 10, 2024/11/11, 19:35:22.672, 7178923620410, vstest.console.dll, DataCollectionLauncher.ErrorReceivedCallback datacollector standard error line: 
TpTrace Information: 0 : 4080, 10, 2024/11/11, 19:35:22.693, 7178923827240, vstest.console.dll, DataCollectionLauncher.ExitCallBack: Data collector exited with exitcode: 0 error: ''
TpTrace Verbose: 0 : 4080, 12, 2024/11/11, 19:35:22.805, 7178924946308, vstest.console.dll, TestRunRequest:SendTestRunStatsChange: Starting.
TpTrace Verbose: 0 : 4080, 12, 2024/11/11, 19:35:22.806, 7178924953626, vstest.console.dll, MulticastDelegateUtilities.SafeInvoke: TestRun.RunStatsChanged: Invoking callbacks was skipped because there are no subscribers.
TpTrace Information: 0 : 4080, 12, 2024/11/11, 19:35:22.806, 7178924954550, vstest.console.dll, TestRunRequest:SendTestRunStatsChange: Completed.
TpTrace Verbose: 0 : 4080, 12, 2024/11/11, 19:35:22.807, 7178924962522, vstest.console.dll, ParallelProxyExecutionManager: HandlePartialRunComplete: Total workloads = 1, Total started clients = 1 Total completed clients = 1, Run complete = True, Run canceled: False.
TpTrace Verbose: 0 : 4080, 12, 2024/11/11, 19:35:22.807, 7178924963393, vstest.console.dll, ParallelProxyExecutionManager: HandlePartialRunComplete: All runs completed stopping all managers.
TpTrace Verbose: 0 : 4080, 12, 2024/11/11, 19:35:22.807, 7178924963857, vstest.console.dll, ParallelOperationManager.StopAllManagers: Stopping all managers.
TpTrace Verbose: 0 : 4080, 12, 2024/11/11, 19:35:22.807, 7178924964226, vstest.console.dll, ParallelOperationManager.ClearSlots: Clearing all slots. Slots should accept more work: False
TpTrace Verbose: 0 : 4080, 12, 2024/11/11, 19:35:22.807, 7178924964878, vstest.console.dll, ParallelOperationManager.SetOccupiedSlotCount: Setting slot counts AvailableSlotCount = 1, OccupiedSlotCount = 0.
TpTrace Verbose: 0 : 4080, 12, 2024/11/11, 19:35:22.807, 7178924965530, vstest.console.dll, Occupied slots:

TpTrace Verbose: 0 : 4080, 4, 2024/11/11, 19:35:22.813, 7178925028403, vstest.console.dll, MulticastDelegateUtilities.SafeInvoke: InternalTestLoggerEvents.SendTestResult: Invoking callback 1/1 for Microsoft.VisualStudio.TestPlatform.CommandLine.Internal.ConsoleLogger., took 7 ms.
TpTrace Verbose: 0 : 4080, 4, 2024/11/11, 19:35:22.814, 7178925032858, vstest.console.dll, MulticastDelegateUtilities.SafeInvoke: InternalTestLoggerEvents.SendTestResult: Invoking callback 1/1 for Microsoft.VisualStudio.TestPlatform.CommandLine.Internal.ConsoleLogger., took 0 ms.
TpTrace Verbose: 0 : 4080, 4, 2024/11/11, 19:35:22.814, 7178925033773, vstest.console.dll, MulticastDelegateUtilities.SafeInvoke: InternalTestLoggerEvents.SendTestResult: Invoking callback 1/1 for Microsoft.VisualStudio.TestPlatform.CommandLine.Internal.ConsoleLogger., took 0 ms.
TpTrace Verbose: 0 : 4080, 4, 2024/11/11, 19:35:22.814, 7178925035062, vstest.console.dll, MulticastDelegateUtilities.SafeInvoke: InternalTestLoggerEvents.SendTestResult: Invoking callback 1/1 for Microsoft.VisualStudio.TestPlatform.CommandLine.Internal.ConsoleLogger., took 0 ms.
TpTrace Verbose: 0 : 4080, 4, 2024/11/11, 19:35:22.827, 7178925167178, vstest.console.dll, MulticastDelegateUtilities.SafeInvoke: InternalTestLoggerEvents.SendTestRunComplete: Invoking callback 1/2 for Microsoft.TestPlatform.Extensions.BlameDataCollector.BlameLogger., took 0 ms.
TpTrace Verbose: 0 : 4080, 4, 2024/11/11, 19:35:22.835, 7178925246813, vstest.console.dll, MulticastDelegateUtilities.SafeInvoke: InternalTestLoggerEvents.SendTestRunComplete: Invoking callback 2/2 for Microsoft.VisualStudio.TestPlatform.CommandLine.Internal.ConsoleLogger., took 7 ms.
TpTrace Verbose: 0 : 4080, 12, 2024/11/11, 19:35:22.835, 7178925251462, vstest.console.dll, TestRunRequest:TestRunComplete: Starting. IsAborted:False IsCanceled:False.
TpTrace Verbose: 0 : 4080, 12, 2024/11/11, 19:35:22.836, 7178925253746, vstest.console.dll, ParallelOperationManager.DoActionOnAllManagers: Calling an action on all managers.
TpTrace Verbose: 0 : 4080, 12, 2024/11/11, 19:35:22.837, 7178925266687, vstest.console.dll, TestLoggerManager.HandleTestRunComplete: Ignoring as the object is disposed.
TpTrace Verbose: 0 : 4080, 12, 2024/11/11, 19:35:22.837, 7178925269667, vstest.console.dll, MulticastDelegateUtilities.SafeInvoke: TestRun.TestRunComplete: Invoking callback 1/2 for Microsoft.VisualStudio.TestPlatform.CommandLine.TestRunResultAggregator., took 0 ms.
TpTrace Verbose: 0 : 4080, 12, 2024/11/11, 19:35:22.837, 7178925271393, vstest.console.dll, MulticastDelegateUtilities.SafeInvoke: TestRun.TestRunComplete: Invoking callback 2/2 for Microsoft.VisualStudio.TestPlatform.CommandLine.Processors.RunTestsArgumentExecutor+TestRunRequestEventsRegistrar., took 0 ms.
TpTrace Information: 0 : 4080, 12, 2024/11/11, 19:35:22.838, 7178925272646, vstest.console.dll, TestRunRequest:TestRunComplete: Completed.
TpTrace Verbose: 0 : 4080, 1, 2024/11/11, 19:35:22.838, 7178925272758, vstest.console.dll, TestRunRequest.Dispose: Starting.
TpTrace Verbose: 0 : 4080, 12, 2024/11/11, 19:35:22.838, 7178925273726, vstest.console.dll, TestRequestSender.SetOperationComplete: Setting operation complete.
TpTrace Information: 0 : 4080, 1, 2024/11/11, 19:35:22.838, 7178925273759, vstest.console.dll, TestRunRequest.Dispose: Completed.
TpTrace Information: 0 : 4080, 12, 2024/11/11, 19:35:22.838, 7178925274977, vstest.console.dll, SocketServer.Stop: Stop server endPoint: 127.0.0.1:56401
TpTrace Information: 0 : 4080, 1, 2024/11/11, 19:35:22.838, 7178925275647, vstest.console.dll, TestRequestManager.RunTests: run tests completed.
TpTrace Information: 0 : 4080, 12, 2024/11/11, 19:35:22.838, 7178925275939, vstest.console.dll, SocketServer.Stop: Cancellation requested. Stopping message loop.
TpTrace Information: 0 : 4080, 1, 2024/11/11, 19:35:22.838, 7178925277189, vstest.console.dll, RunTestsArgumentProcessor:Execute: Test run is completed.
TpTrace Verbose: 0 : 4080, 12, 2024/11/11, 19:35:22.838, 7178925277834, vstest.console.dll, MulticastDelegateUtilities.SafeInvoke: LengthPrefixCommunicationChannel: MessageReceived: Invoking callback 1/1 for Microsoft.VisualStudio.TestPlatform.CommunicationUtilities.TestRequestSender+<>c__DisplayClass34_0., took 259 ms.
TpTrace Information: 0 : 4080, 12, 2024/11/11, 19:35:22.838, 7178925278688, vstest.console.dll, SocketServer.PrivateStop: Stopping server endPoint: 127.0.0.1:56401 error: 
TpTrace Verbose: 0 : 4080, 1, 2024/11/11, 19:35:22.838, 7178925280676, vstest.console.dll, Executor.Execute: Exiting with exit code of 0
TpTrace Verbose: 0 : 4080, 12, 2024/11/11, 19:35:22.839, 7178925284965, vstest.console.dll, LengthPrefixCommunicationChannel.Dispose: Dispose reader and writer.
TpTrace Information: 0 : 4080, 12, 2024/11/11, 19:35:22.839, 7178925285921, vstest.console.dll, SocketServer.Stop: Raise disconnected event endPoint: 127.0.0.1:56401 error: 
TpTrace Verbose: 0 : 4080, 12, 2024/11/11, 19:35:22.839, 7178925286902, vstest.console.dll, TestRequestSender: OnTestRunAbort: Operation is already complete. Skip error message.
TpTrace Verbose: 0 : 4080, 12, 2024/11/11, 19:35:22.839, 7178925287396, vstest.console.dll, MulticastDelegateUtilities.SafeInvoke: SocketServer: ClientDisconnected: Invoking callback 1/1 for Microsoft.VisualStudio.TestPlatform.CommunicationUtilities.TestRequestSender., took 0 ms.
TpTrace Verbose: 0 : 4080, 12, 2024/11/11, 19:35:22.839, 7178925287746, vstest.console.dll, TcpClientExtensions.MessageLoopAsync: exiting MessageLoopAsync remoteEndPoint: 127.0.0.1:56402 localEndPoint: 127.0.0.1:56401
